conn=0x35685c0, PGAPI_DriverConnect( in)='DSN=brant', fDriverCompletion=0
DSN info: DSN='brant',server='postgis',port='',dbase='brant',user='docker',passwd='xxxxx'
          onlyread='0',protocol='8.2.5',showoid='',fakeoidindex='',showsystable=''
          conn_settings='(null)', conn_encoding='(null)'
          translation_dll='',translation_option=''
Driver Version='09.03.0300,201405140001'
Global Options: fetch=100, socket=4096, unknown_sizes=0, max_varchar_size=255, max_longvarchar_size=8190
                disable_optimizer=0, ksqo=1, unique_index=1, use_declarefetch=0
                text_as_longvarchar=1, unknowns_as_longvarchar=0, bools_as_char=1 NAMEDATALEN=64
                extra_systable_prefixes='dd_;', conn_settings='(null)' conn_encoding=''
conn=0x35685c0, query=' '
conn=0x35685c0, query='select version()'
    [ fetched 1 rows ]
    [ PostgreSQL version string = 'PostgreSQL 9.5.5 on x86_64-pc-linux-gnu, compiled by gcc (Debian 4.9.2-10) 4.9.2, 64-bit' ]
    [ PostgreSQL version number = '9.5' ]
conn=0x35685c0, query='set DateStyle to 'ISO''
conn=0x35685c0, query='set extra_float_digits to 2'
conn=0x35685c0, query='select oid, typbasetype from pg_type where typname = 'lo''
    [ fetched 0 rows ]
    [ Large Object oid = -999 ]
conn=0x35685c0, query='select pg_client_encoding()'
    [ fetched 1 rows ]
    [ Client encoding = 'SQL_ASCII' (code = 0) ]
conn=0x35685c0, PGAPI_DriverConnect(out)='DSN=brant;DATABASE=brant;SERVER=postgis;PORT=5432;UID=docker;PWD=docker;SSLmode=disable;ReadOnly=0;Protocol=8.2.5;FakeOidIndex=0;ShowOidColumn=0;RowVersioning=0;ShowSystemTables=0;ConnSettings=;Fetch=100;Socket=4096;UnknownSizes=0;MaxVarcharSize=255;MaxLongVarcharSize=8190;Debug=0;CommLog=1;Optimizer=0;Ksqo=1;UseDeclareFetch=0;TextAsLongVarchar=1;UnknownsAsLongVarchar=0;BoolsAsChar=1;Parse=0;CancelAsFreeStmt=0;ExtraSysTablePrefixes=dd_;;LFConversion=0;UpdatableCursors=1;DisallowPremature=0;TrueIsMinus1=0;BI=0;ByteaAsLongVarBinary=0;UseServerSidePrepare=1;LowerCaseIdentifier=0;'
conn=0x35685c0, query='create extension postgis'
ERROR from backend during send_query: 'ERROR:  extension "postgis" already exists'
STATEMENT ERROR: func=SC_execute, desc='(null)', errnum=7, errmsg='Error while executing the query'
                 ------------------------------------------------------------
                 hdbc=0x35685c0, stmt=0x3009bd0, result=0x2f35780
                 prepare=2, internal=0
                 bindings=(nil), bindings_allocated=0
                 parameters=(nil), parameters_allocated=0
                 statement_type=5, statement='create extension postgis'
                 stmt_with_params='create extension postgis'
                 data_at_exec=-1, current_exec_param=-1, put_data=0
                 currTuple=-1, current_col=-1, lobj_fd=-1
                 maxRows=0, rowset_size=1, keyset_size=0, cursor_type=0, scroll_concurrency=1
                 cursor_name='SQL_CUR0x3009bd0'
                 ----------------QResult Info -------------------------------
                 fields=0x3333a60, backend_tuples=(nil), tupleField=0, conn=(nil)
                 fetch_count=0, num_total_rows=0, num_fields=0, cursor='(NULL)'
                 message='ERROR:  extension "postgis" already exists', command='(NULL)', notice='(NULL)'
                 status=7, inTuples=0
CONN ERROR: func=SC_execute, desc='(null)', errnum=110, errmsg='ERROR:  extension "postgis" already exists'
            ------------------------------------------------------------
            henv=0x31844c0, conn=0x35685c0, status=1, num_stmts=16
            sock=0x3737f20, stmts=0x1a9baa0, lobj_type=-999
            ---------------- Socket Info -------------------------------
            socket=6, reverse=0, errornumber=0, errormsg='(NULL)'
            buffer_in=57751584, buffer_out=57755696
            buffer_filled_in=1, buffer_filled_out=0, buffer_read_in=1
conn=0x35685c0, query='create extension plr'
ERROR from backend during send_query: 'ERROR:  extension "plr" already exists'
STATEMENT ERROR: func=SC_execute, desc='(null)', errnum=7, errmsg='Error while executing the query'
                 ------------------------------------------------------------
                 hdbc=0x35685c0, stmt=0x2ff6280, result=0x2f35780
                 prepare=2, internal=0
                 bindings=(nil), bindings_allocated=0
                 parameters=(nil), parameters_allocated=0
                 statement_type=5, statement='create extension plr'
                 stmt_with_params='create extension plr'
                 data_at_exec=-1, current_exec_param=-1, put_data=0
                 currTuple=-1, current_col=-1, lobj_fd=-1
                 maxRows=0, rowset_size=1, keyset_size=0, cursor_type=0, scroll_concurrency=1
                 cursor_name='SQL_CUR0x2ff6280'
                 ----------------QResult Info -------------------------------
                 fields=0x17ed950, backend_tuples=(nil), tupleField=0, conn=(nil)
                 fetch_count=0, num_total_rows=0, num_fields=0, cursor='(NULL)'
                 message='ERROR:  extension "plr" already exists', command='(NULL)', notice='(NULL)'
                 status=7, inTuples=0
CONN ERROR: func=SC_execute, desc='(null)', errnum=110, errmsg='ERROR:  extension "postgis" already exists'
            ------------------------------------------------------------
            henv=0x31844c0, conn=0x35685c0, status=1, num_stmts=16
            sock=0x3737f20, stmts=0x1a9baa0, lobj_type=-999
            ---------------- Socket Info -------------------------------
            socket=6, reverse=0, errornumber=0, errormsg='(NULL)'
            buffer_in=57751584, buffer_out=57755696
            buffer_filled_in=1, buffer_filled_out=0, buffer_read_in=1
conn=0x3649940, PGAPI_DriverConnect( in)='DSN=brant', fDriverCompletion=0
DSN info: DSN='brant',server='postgis',port='',dbase='brant',user='docker',passwd='xxxxx'
          onlyread='0',protocol='8.2.5',showoid='',fakeoidindex='',showsystable=''
          conn_settings='(null)', conn_encoding='(null)'
          translation_dll='',translation_option=''
Driver Version='09.03.0300,201405140001'
Global Options: fetch=100, socket=4096, unknown_sizes=0, max_varchar_size=255, max_longvarchar_size=8190
                disable_optimizer=0, ksqo=1, unique_index=1, use_declarefetch=0
                text_as_longvarchar=1, unknowns_as_longvarchar=0, bools_as_char=1 NAMEDATALEN=64
                extra_systable_prefixes='dd_;', conn_settings='(null)' conn_encoding=''
conn=0x3649940, query=' '
conn=0x3649940, query='select version()'
    [ fetched 1 rows ]
    [ PostgreSQL version string = 'PostgreSQL 9.5.5 on x86_64-pc-linux-gnu, compiled by gcc (Debian 4.9.2-10) 4.9.2, 64-bit' ]
    [ PostgreSQL version number = '9.5' ]
conn=0x3649940, query='set DateStyle to 'ISO''
conn=0x3649940, query='set extra_float_digits to 2'
conn=0x3649940, query='select oid, typbasetype from pg_type where typname = 'lo''
    [ fetched 0 rows ]
    [ Large Object oid = -999 ]
conn=0x3649940, query='select pg_client_encoding()'
    [ fetched 1 rows ]
    [ Client encoding = 'SQL_ASCII' (code = 0) ]
conn=0x3649940, PGAPI_DriverConnect(out)='DSN=brant;DATABASE=brant;SERVER=postgis;PORT=5432;UID=docker;PWD=docker;SSLmode=disable;ReadOnly=0;Protocol=8.2.5;FakeOidIndex=0;ShowOidColumn=0;RowVersioning=0;ShowSystemTables=0;ConnSettings=;Fetch=100;Socket=4096;UnknownSizes=0;MaxVarcharSize=255;MaxLongVarcharSize=8190;Debug=0;CommLog=1;Optimizer=0;Ksqo=1;UseDeclareFetch=0;TextAsLongVarchar=1;UnknownsAsLongVarchar=0;BoolsAsChar=1;Parse=0;CancelAsFreeStmt=0;ExtraSysTablePrefixes=dd_;;LFConversion=0;UpdatableCursors=1;DisallowPremature=0;TrueIsMinus1=0;BI=0;ByteaAsLongVarBinary=0;UseServerSidePrepare=1;LowerCaseIdentifier=0;'
conn=0x3649940, query='CREATE OR REPLACE FUNCTION median (float[]) RETURNS float AS '
x<-arg1
x<-as.numeric(as.character(x))
x<-na.omit(x)
median(x,na.rm=TRUE)'
LANGUAGE 'plr' STRICT;

CREATE OR REPLACE FUNCTION q10 (float[]) RETURNS float AS '
x<-arg1
x<-as.numeric(as.character(x))
x<-na.omit(x)
quantile(x,0.1,na.rm=TRUE)'
LANGUAGE 'plr' STRICT;

CREATE OR REPLACE FUNCTION q90 (float[]) RETURNS float AS '
x<-arg1
x<-as.numeric(as.character(x))
x<-na.omit(x)
quantile(x,0.9,na.rm=TRUE)'
LANGUAGE 'plr' STRICT;

CREATE OR REPLACE FUNCTION q75 (float[]) RETURNS float AS '
x<-arg1
x<-as.numeric(as.character(x))
x<-na.omit(x)
quantile(x,0.75,na.rm=TRUE)'
LANGUAGE 'plr' STRICT;

CREATE OR REPLACE FUNCTION q25 (float[]) RETURNS float AS '
x<-arg1
x<-as.numeric(as.character(x))
x<-na.omit(x)
quantile(x,0.25,na.rm=TRUE)'
LANGUAGE 'plr' STRICT;

CREATE OR REPLACE FUNCTION minimum (float[]) RETURNS float AS '
x<-arg1
x<-as.numeric(as.character(x))
x<-na.omit(x)
min(x,na.rm=TRUE)'
LANGUAGE 'plr' STRICT;

CREATE OR REPLACE FUNCTION maximum (float[]) RETURNS float AS '
x<-arg1
x<-as.numeric(as.character(x))
x<-na.omit(x)
max(x,na.rm=TRUE)'
LANGUAGE 'plr' STRICT;

CREATE OR REPLACE FUNCTION mean (float[]) RETURNS float AS '
x<-arg1
x<-as.numeric(as.character(x))
x<-na.omit(x)
mean(x,na.rm=TRUE)'
LANGUAGE 'plr' STRICT;

CREATE OR REPLACE FUNCTION sd (float[]) RETURNS float AS '
x<-arg1
x<-as.numeric(as.character(x))
x<-na.omit(x)
sd(x,na.rm=TRUE)'
LANGUAGE 'plr' STRICT;

CREATE OR REPLACE FUNCTION se (float[]) RETURNS float AS '
x<-arg1
x<-as.numeric(as.character(x))
x<-na.omit(x)
sd(x,na.rm=TRUE)/sqrt(length(x))'
LANGUAGE 'plr' STRICT;

CREATE OR REPLACE FUNCTION length (float[]) RETURNS float AS '
x<-arg1
x<-as.numeric(as.character(x))
x<-na.omit(x)
length(x)'
LANGUAGE 'plr' STRICT;

CREATE OR REPLACE FUNCTION PSuitable (float[],float[],float,float,float) RETURNS float AS '
x<-arg1
q<-arg2
depth<-arg3
ht<-arg4
tide<-arg5
depth<-depth+tide
x2<-q[x>=depth&x<=ht]
x2<-max(x2)-min(x2)
if(is.na(x2))x2<-0
if(x2==-Inf)x2<-0
x2'
LANGUAGE 'plr' STRICT;

'
conn=0x3964ee0, PGAPI_DriverConnect( in)='DSN=brant', fDriverCompletion=0
DSN info: DSN='brant',server='postgis',port='',dbase='brant',user='docker',passwd='xxxxx'
          onlyread='0',protocol='8.2.5',showoid='',fakeoidindex='',showsystable=''
          conn_settings='(null)', conn_encoding='(null)'
          translation_dll='',translation_option=''
Driver Version='09.03.0300,201405140001'
Global Options: fetch=100, socket=4096, unknown_sizes=0, max_varchar_size=255, max_longvarchar_size=8190
                disable_optimizer=0, ksqo=1, unique_index=1, use_declarefetch=0
                text_as_longvarchar=1, unknowns_as_longvarchar=0, bools_as_char=1 NAMEDATALEN=64
                extra_systable_prefixes='dd_;', conn_settings='(null)' conn_encoding=''
conn=0x3964ee0, query=' '
conn=0x3964ee0, query='select version()'
    [ fetched 1 rows ]
    [ PostgreSQL version string = 'PostgreSQL 9.5.5 on x86_64-pc-linux-gnu, compiled by gcc (Debian 4.9.2-10) 4.9.2, 64-bit' ]
    [ PostgreSQL version number = '9.5' ]
conn=0x3964ee0, query='set DateStyle to 'ISO''
conn=0x3964ee0, query='set extra_float_digits to 2'
conn=0x3964ee0, query='select oid, typbasetype from pg_type where typname = 'lo''
    [ fetched 0 rows ]
    [ Large Object oid = -999 ]
conn=0x3964ee0, query='select pg_client_encoding()'
    [ fetched 1 rows ]
    [ Client encoding = 'SQL_ASCII' (code = 0) ]
conn=0x3964ee0, PGAPI_DriverConnect(out)='DSN=brant;DATABASE=brant;SERVER=postgis;PORT=5432;UID=docker;PWD=docker;SSLmode=disable;ReadOnly=0;Protocol=8.2.5;FakeOidIndex=0;ShowOidColumn=0;RowVersioning=0;ShowSystemTables=0;ConnSettings=;Fetch=100;Socket=4096;UnknownSizes=0;MaxVarcharSize=255;MaxLongVarcharSize=8190;Debug=0;CommLog=1;Optimizer=0;Ksqo=1;UseDeclareFetch=0;TextAsLongVarchar=1;UnknownsAsLongVarchar=0;BoolsAsChar=1;Parse=0;CancelAsFreeStmt=0;ExtraSysTablePrefixes=dd_;;LFConversion=0;UpdatableCursors=1;DisallowPremature=0;TrueIsMinus1=0;BI=0;ByteaAsLongVarBinary=0;UseServerSidePrepare=1;LowerCaseIdentifier=0;'
conn=0x3964ee0, query='
                 drop table if exists grat;
create table grat as
select s.* from
(select
geom,
minimum(vals) min,
q10(vals) q10,
q25(vals) q25,
median(vals) median,
mean(vals) mean,
q75(vals) q75,
q90(vals) q90,
maximum(vals) max
from
(select st_envelope(st_tile(rast,20,20)) geom,
 st_tile(rast,20,200) rast,
 (st_dumpvalues(st_tile(rast,20,20))).valarray vals
  from dem) d

) s
where min>-10 and max < 10 and min <1000000000000;'
conn=0x3964ee0, query='
ALTER TABLE grat ADD COLUMN psuitable numeric(3);
'
conn=0x397d650, PGAPI_DriverConnect( in)='DSN=brant', fDriverCompletion=0
DSN info: DSN='brant',server='postgis',port='',dbase='brant',user='docker',passwd='xxxxx'
          onlyread='0',protocol='8.2.5',showoid='',fakeoidindex='',showsystable=''
          conn_settings='(null)', conn_encoding='(null)'
          translation_dll='',translation_option=''
Driver Version='09.03.0300,201405140001'
Global Options: fetch=100, socket=4096, unknown_sizes=0, max_varchar_size=255, max_longvarchar_size=8190
                disable_optimizer=0, ksqo=1, unique_index=1, use_declarefetch=0
                text_as_longvarchar=1, unknowns_as_longvarchar=0, bools_as_char=1 NAMEDATALEN=64
                extra_systable_prefixes='dd_;', conn_settings='(null)' conn_encoding=''
conn=0x397d650, query=' '
conn=0x397d650, query='select version()'
    [ fetched 1 rows ]
    [ PostgreSQL version string = 'PostgreSQL 9.5.5 on x86_64-pc-linux-gnu, compiled by gcc (Debian 4.9.2-10) 4.9.2, 64-bit' ]
    [ PostgreSQL version number = '9.5' ]
conn=0x397d650, query='set DateStyle to 'ISO''
conn=0x397d650, query='set extra_float_digits to 2'
conn=0x397d650, query='select oid, typbasetype from pg_type where typname = 'lo''
    [ fetched 0 rows ]
    [ Large Object oid = -999 ]
conn=0x397d650, query='select pg_client_encoding()'
    [ fetched 1 rows ]
    [ Client encoding = 'SQL_ASCII' (code = 0) ]
conn=0x397d650, PGAPI_DriverConnect(out)='DSN=brant;DATABASE=brant;SERVER=postgis;PORT=5432;UID=docker;PWD=docker;SSLmode=disable;ReadOnly=0;Protocol=8.2.5;FakeOidIndex=0;ShowOidColumn=0;RowVersioning=0;ShowSystemTables=0;ConnSettings=;Fetch=100;Socket=4096;UnknownSizes=0;MaxVarcharSize=255;MaxLongVarcharSize=8190;Debug=0;CommLog=1;Optimizer=0;Ksqo=1;UseDeclareFetch=0;TextAsLongVarchar=1;UnknownsAsLongVarchar=0;BoolsAsChar=1;Parse=0;CancelAsFreeStmt=0;ExtraSysTablePrefixes=dd_;;LFConversion=0;UpdatableCursors=1;DisallowPremature=0;TrueIsMinus1=0;BI=0;ByteaAsLongVarBinary=0;UseServerSidePrepare=1;LowerCaseIdentifier=0;'
conn=0x397d650, query='update grat set psuitable = PSuitable(array[min,q10,q25,median,q75,q90,max],array[0,10,25,50,75,90,100],-2,5,0);'
conn=0x33a3f60, PGAPI_DriverConnect( in)='DSN=brant', fDriverCompletion=0
DSN info: DSN='brant',server='postgis',port='',dbase='brant',user='docker',passwd='xxxxx'
          onlyread='0',protocol='8.2.5',showoid='',fakeoidindex='',showsystable=''
          conn_settings='(null)', conn_encoding='(null)'
          translation_dll='',translation_option=''
Driver Version='09.03.0300,201405140001'
Global Options: fetch=100, socket=4096, unknown_sizes=0, max_varchar_size=255, max_longvarchar_size=8190
                disable_optimizer=0, ksqo=1, unique_index=1, use_declarefetch=0
                text_as_longvarchar=1, unknowns_as_longvarchar=0, bools_as_char=1 NAMEDATALEN=64
                extra_systable_prefixes='dd_;', conn_settings='(null)' conn_encoding=''
conn=0x33a3f60, query=' '
conn=0x33a3f60, query='select version()'
    [ fetched 1 rows ]
    [ PostgreSQL version string = 'PostgreSQL 9.5.5 on x86_64-pc-linux-gnu, compiled by gcc (Debian 4.9.2-10) 4.9.2, 64-bit' ]
    [ PostgreSQL version number = '9.5' ]
conn=0x33a3f60, query='set DateStyle to 'ISO''
conn=0x33a3f60, query='set extra_float_digits to 2'
conn=0x33a3f60, query='select oid, typbasetype from pg_type where typname = 'lo''
    [ fetched 0 rows ]
    [ Large Object oid = -999 ]
conn=0x33a3f60, query='select pg_client_encoding()'
    [ fetched 1 rows ]
    [ Client encoding = 'SQL_ASCII' (code = 0) ]
conn=0x33a3f60, PGAPI_DriverConnect(out)='DSN=brant;DATABASE=brant;SERVER=postgis;PORT=5432;UID=docker;PWD=docker;SSLmode=disable;ReadOnly=0;Protocol=8.2.5;FakeOidIndex=0;ShowOidColumn=0;RowVersioning=0;ShowSystemTables=0;ConnSettings=;Fetch=100;Socket=4096;UnknownSizes=0;MaxVarcharSize=255;MaxLongVarcharSize=8190;Debug=0;CommLog=1;Optimizer=0;Ksqo=1;UseDeclareFetch=0;TextAsLongVarchar=1;UnknownsAsLongVarchar=0;BoolsAsChar=1;Parse=0;CancelAsFreeStmt=0;ExtraSysTablePrefixes=dd_;;LFConversion=0;UpdatableCursors=1;DisallowPremature=0;TrueIsMinus1=0;BI=0;ByteaAsLongVarBinary=0;UseServerSidePrepare=1;LowerCaseIdentifier=0;'
conn=0x33a3f60, query='create table tmp as
select g.*,
med median_dem,
mn mean_dem
from 
grat g,
(select 
t2.rid,
median((st_dumpvalues(st_union(st_clip(rast,geom)))).valarray) med,
mean((st_dumpvalues(st_union(st_clip(rast,geom)))).valarray) mn
from dem t,
(select * from grat) t2
where st_intersects(rast,geom)
group by t2.rid) s
where s.rid=g.rid;
drop table grat;
ALTER TABLE tmp RENAME TO grat;
CREATE INDEX grat_gix ON grat USING GIST (geom);'
ERROR from backend during send_query: 'ERROR:  column t2.rid does not exist at character 84'
STATEMENT ERROR: func=SC_execute, desc='(null)', errnum=7, errmsg='Error while executing the query'
                 ------------------------------------------------------------
                 hdbc=0x33a3f60, stmt=0x2948b60, result=0x290ee10
                 prepare=2, internal=0
                 bindings=(nil), bindings_allocated=0
                 parameters=(nil), parameters_allocated=0
                 statement_type=5, statement='create table tmp as
select g.*,
med median_dem,
mn mean_dem
from 
grat g,
(select 
t2.rid,
median((st_dumpvalues(st_union(st_clip(rast,geom)))).valarray) med,
mean((st_dumpvalues(st_union(st_clip(rast,geom)))).valarray) mn
from dem t,
(select * from grat) t2
where st_intersects(rast,geom)
group by t2.rid) s
where s.rid=g.rid;
drop table grat;
ALTER TABLE tmp RENAME TO grat;
CREATE INDEX grat_gix ON grat USING GIST (geom);'
                 stmt_with_params='create table tmp as
select g.*,
med median_dem,
mn mean_dem
from 
grat g,
(select 
t2.rid,
median((st_dumpvalues(st_union(st_clip(rast,geom)))).valarray) med,
mean((st_dumpvalues(st_union(st_clip(rast,geom)))).valarray) mn
from dem t,
(select * from grat) t2
where st_intersects(rast,geom)
group by t2.rid) s
where s.rid=g.rid;
drop table grat;
ALTER TABLE tmp RENAME TO grat;
CREATE INDEX grat_gix ON grat USING GIST (geom);'
                 data_at_exec=-1, current_exec_param=-1, put_data=0
                 currTuple=-1, current_col=-1, lobj_fd=-1
                 maxRows=0, rowset_size=1, keyset_size=0, cursor_type=0, scroll_concurrency=1
                 cursor_name='SQL_CUR0x2948b60'
                 ----------------QResult Info -------------------------------
                 fields=0x31c45c0, backend_tuples=(nil), tupleField=0, conn=(nil)
                 fetch_count=0, num_total_rows=0, num_fields=0, cursor='(NULL)'
                 message='ERROR:  column t2.rid does not exist at character 84', command='(NULL)', notice='(NULL)'
                 status=7, inTuples=0
CONN ERROR: func=SC_execute, desc='(null)', errnum=110, errmsg='ERROR:  column t2.rid does not exist at character 84'
            ------------------------------------------------------------
            henv=0x31844c0, conn=0x33a3f60, status=1, num_stmts=16
            sock=0x22e2120, stmts=0x2f1d950, lobj_type=-999
            ---------------- Socket Info -------------------------------
            socket=10, reverse=0, errornumber=0, errormsg='(NULL)'
            buffer_in=54151856, buffer_out=54155968
            buffer_filled_in=1, buffer_filled_out=0, buffer_read_in=1
conn=0x33a9d20, PGAPI_DriverConnect( in)='DSN=brant', fDriverCompletion=0
DSN info: DSN='brant',server='postgis',port='',dbase='brant',user='docker',passwd='xxxxx'
          onlyread='0',protocol='8.2.5',showoid='',fakeoidindex='',showsystable=''
          conn_settings='(null)', conn_encoding='(null)'
          translation_dll='',translation_option=''
Driver Version='09.03.0300,201405140001'
Global Options: fetch=100, socket=4096, unknown_sizes=0, max_varchar_size=255, max_longvarchar_size=8190
                disable_optimizer=0, ksqo=1, unique_index=1, use_declarefetch=0
                text_as_longvarchar=1, unknowns_as_longvarchar=0, bools_as_char=1 NAMEDATALEN=64
                extra_systable_prefixes='dd_;', conn_settings='(null)' conn_encoding=''
conn=0x33a9d20, query=' '
conn=0x33a9d20, query='select version()'
    [ fetched 1 rows ]
    [ PostgreSQL version string = 'PostgreSQL 9.5.5 on x86_64-pc-linux-gnu, compiled by gcc (Debian 4.9.2-10) 4.9.2, 64-bit' ]
    [ PostgreSQL version number = '9.5' ]
conn=0x33a9d20, query='set DateStyle to 'ISO''
conn=0x33a9d20, query='set extra_float_digits to 2'
conn=0x33a9d20, query='select oid, typbasetype from pg_type where typname = 'lo''
    [ fetched 0 rows ]
    [ Large Object oid = -999 ]
conn=0x33a9d20, query='select pg_client_encoding()'
    [ fetched 1 rows ]
    [ Client encoding = 'SQL_ASCII' (code = 0) ]
conn=0x33a9d20, PGAPI_DriverConnect(out)='DSN=brant;DATABASE=brant;SERVER=postgis;PORT=5432;UID=docker;PWD=docker;SSLmode=disable;ReadOnly=0;Protocol=8.2.5;FakeOidIndex=0;ShowOidColumn=0;RowVersioning=0;ShowSystemTables=0;ConnSettings=;Fetch=100;Socket=4096;UnknownSizes=0;MaxVarcharSize=255;MaxLongVarcharSize=8190;Debug=0;CommLog=1;Optimizer=0;Ksqo=1;UseDeclareFetch=0;TextAsLongVarchar=1;UnknownsAsLongVarchar=0;BoolsAsChar=1;Parse=0;CancelAsFreeStmt=0;ExtraSysTablePrefixes=dd_;;LFConversion=0;UpdatableCursors=1;DisallowPremature=0;TrueIsMinus1=0;BI=0;ByteaAsLongVarBinary=0;UseServerSidePrepare=1;LowerCaseIdentifier=0;'
conn=0x33a9d20, query='
drop table if exists tmp;
create table tmp as
select gg.*,s.tide from
grat gg,
(select g.rid,min(tide) tide from 
grat g,
tide_regime t
where st_intersects(t.geom,g.geom)
group by rid,g.geom) s
where s.rid=gg.rid;
drop table grat;
ALTER TABLE tmp RENAME TO grat;
CREATE INDEX grat_gix ON grat USING GIST (geom);'
NOTICE from backend during send_query: 'NOTICE:  table "tmp" does not exist, skipping'
ERROR from backend during send_query: 'ERROR:  column g.rid does not exist at character 89'
STATEMENT ERROR: func=SC_execute, desc='(null)', errnum=7, errmsg='Error while executing the query'
                 ------------------------------------------------------------
                 hdbc=0x33a9d20, stmt=0x214a7a0, result=0x24f62c0
                 prepare=2, internal=0
                 bindings=(nil), bindings_allocated=0
                 parameters=(nil), parameters_allocated=0
                 statement_type=7, statement='
drop table if exists tmp;
create table tmp as
select gg.*,s.tide from
grat gg,
(select g.rid,min(tide) tide from 
grat g,
tide_regime t
where st_intersects(t.geom,g.geom)
group by rid,g.geom) s
where s.rid=gg.rid;
drop table grat;
ALTER TABLE tmp RENAME TO grat;
CREATE INDEX grat_gix ON grat USING GIST (geom);'
                 stmt_with_params='
drop table if exists tmp;
create table tmp as
select gg.*,s.tide from
grat gg,
(select g.rid,min(tide) tide from 
grat g,
tide_regime t
where st_intersects(t.geom,g.geom)
group by rid,g.geom) s
where s.rid=gg.rid;
drop table grat;
ALTER TABLE tmp RENAME TO grat;
CREATE INDEX grat_gix ON grat USING GIST (geom);'
                 data_at_exec=-1, current_exec_param=-1, put_data=0
                 currTuple=-1, current_col=-1, lobj_fd=-1
                 maxRows=0, rowset_size=1, keyset_size=0, cursor_type=0, scroll_concurrency=1
                 cursor_name='SQL_CUR0x214a7a0'
                 ----------------QResult Info -------------------------------
                 fields=0x33aa890, backend_tuples=(nil), tupleField=0, conn=(nil)
                 fetch_count=0, num_total_rows=0, num_fields=0, cursor='(NULL)'
                 message='ERROR:  column g.rid does not exist at character 89', command='DROP TABLE', notice='NOTICE:  table "tmp" does not exist, skipping'
                 status=7, inTuples=0
CONN ERROR: func=SC_execute, desc='(null)', errnum=110, errmsg='ERROR:  column g.rid does not exist at character 89'
            ------------------------------------------------------------
            henv=0x31844c0, conn=0x33a9d20, status=1, num_stmts=16
            sock=0x2c7da80, stmts=0x2294540, lobj_type=-999
            ---------------- Socket Info -------------------------------
            socket=11, reverse=0, errornumber=0, errormsg='(NULL)'
            buffer_in=67465984, buffer_out=67470096
            buffer_filled_in=1, buffer_filled_out=0, buffer_read_in=1
conn=0x33a9d20, PGAPI_Disconnect
conn=0x33a3f60, PGAPI_Disconnect
conn=0x397d650, PGAPI_Disconnect
conn=0x3964ee0, PGAPI_Disconnect
conn=0x3649940, PGAPI_Disconnect
conn=0x35685c0, PGAPI_Disconnect
conn=0x3030790, PGAPI_DriverConnect( in)='DSN=brant', fDriverCompletion=0
DSN info: DSN='brant',server='postgis',port='',dbase='brant',user='docker',passwd='xxxxx'
          onlyread='0',protocol='8.2.5',showoid='',fakeoidindex='',showsystable=''
          conn_settings='(null)', conn_encoding='(null)'
          translation_dll='',translation_option=''
Driver Version='09.03.0300,201405140001'
Global Options: fetch=100, socket=4096, unknown_sizes=0, max_varchar_size=255, max_longvarchar_size=8190
                disable_optimizer=0, ksqo=1, unique_index=1, use_declarefetch=0
                text_as_longvarchar=1, unknowns_as_longvarchar=0, bools_as_char=1 NAMEDATALEN=64
                extra_systable_prefixes='dd_;', conn_settings='(null)' conn_encoding=''
conn=0x3030790, query=' '
conn=0x3030790, query='select version()'
    [ fetched 1 rows ]
    [ PostgreSQL version string = 'PostgreSQL 9.5.5 on x86_64-pc-linux-gnu, compiled by gcc (Debian 4.9.2-10) 4.9.2, 64-bit' ]
    [ PostgreSQL version number = '9.5' ]
conn=0x3030790, query='set DateStyle to 'ISO''
conn=0x3030790, query='set extra_float_digits to 2'
conn=0x3030790, query='select oid, typbasetype from pg_type where typname = 'lo''
    [ fetched 0 rows ]
    [ Large Object oid = -999 ]
conn=0x3030790, query='select pg_client_encoding()'
    [ fetched 1 rows ]
    [ Client encoding = 'SQL_ASCII' (code = 0) ]
conn=0x3030790, PGAPI_DriverConnect(out)='DSN=brant;DATABASE=brant;SERVER=postgis;PORT=5432;UID=docker;PWD=docker;SSLmode=disable;ReadOnly=0;Protocol=8.2.5;FakeOidIndex=0;ShowOidColumn=0;RowVersioning=0;ShowSystemTables=0;ConnSettings=;Fetch=100;Socket=4096;UnknownSizes=0;MaxVarcharSize=255;MaxLongVarcharSize=8190;Debug=0;CommLog=1;Optimizer=0;Ksqo=1;UseDeclareFetch=0;TextAsLongVarchar=1;UnknownsAsLongVarchar=0;BoolsAsChar=1;Parse=0;CancelAsFreeStmt=0;ExtraSysTablePrefixes=dd_;;LFConversion=0;UpdatableCursors=1;DisallowPremature=0;TrueIsMinus1=0;BI=0;ByteaAsLongVarBinary=0;UseServerSidePrepare=1;LowerCaseIdentifier=0;'
conn=0x3030790, query='create view temp_view as select * from grat'
conn=0x3030790, query='drop view temp_view'
conn=0x3030790, PGAPI_Disconnect
