conn=0x4261110, PGAPI_DriverConnect( in)='DSN=brant', fDriverCompletion=0
DSN info: DSN='brant',server='postgis',port='',dbase='brant',user='docker',passwd='xxxxx'
          onlyread='0',protocol='8.2.5',showoid='',fakeoidindex='',showsystable=''
          conn_settings='(null)', conn_encoding='(null)'
          translation_dll='',translation_option=''
Driver Version='09.03.0300,201405140001'
Global Options: fetch=100, socket=4096, unknown_sizes=0, max_varchar_size=255, max_longvarchar_size=8190
                disable_optimizer=0, ksqo=1, unique_index=1, use_declarefetch=0
                text_as_longvarchar=1, unknowns_as_longvarchar=0, bools_as_char=1 NAMEDATALEN=64
                extra_systable_prefixes='dd_;', conn_settings='(null)' conn_encoding=''
conn=0x4261110, query=' '
conn=0x4261110, query='select version()'
    [ fetched 1 rows ]
    [ PostgreSQL version string = 'PostgreSQL 9.5.5 on x86_64-pc-linux-gnu, compiled by gcc (Debian 4.9.2-10) 4.9.2, 64-bit' ]
    [ PostgreSQL version number = '9.5' ]
conn=0x4261110, query='set DateStyle to 'ISO''
conn=0x4261110, query='set extra_float_digits to 2'
conn=0x4261110, query='select oid, typbasetype from pg_type where typname = 'lo''
    [ fetched 0 rows ]
    [ Large Object oid = -999 ]
conn=0x4261110, query='select pg_client_encoding()'
    [ fetched 1 rows ]
    [ Client encoding = 'SQL_ASCII' (code = 0) ]
conn=0x4261110, PGAPI_DriverConnect(out)='DSN=brant;DATABASE=brant;SERVER=postgis;PORT=5432;UID=docker;PWD=docker;SSLmode=disable;ReadOnly=0;Protocol=8.2.5;FakeOidIndex=0;ShowOidColumn=0;RowVersioning=0;ShowSystemTables=0;ConnSettings=;Fetch=100;Socket=4096;UnknownSizes=0;MaxVarcharSize=255;MaxLongVarcharSize=8190;Debug=0;CommLog=1;Optimizer=0;Ksqo=1;UseDeclareFetch=0;TextAsLongVarchar=1;UnknownsAsLongVarchar=0;BoolsAsChar=1;Parse=0;CancelAsFreeStmt=0;ExtraSysTablePrefixes=dd_;;LFConversion=0;UpdatableCursors=1;DisallowPremature=0;TrueIsMinus1=0;BI=0;ByteaAsLongVarBinary=0;UseServerSidePrepare=1;LowerCaseIdentifier=0;'
conn=0x4261110, query='create extension postgis'
ERROR from backend during send_query: 'ERROR:  extension "postgis" already exists'
STATEMENT ERROR: func=SC_execute, desc='(null)', errnum=7, errmsg='Error while executing the query'
                 ------------------------------------------------------------
                 hdbc=0x4261110, stmt=0x39f4b40, result=0x3a30200
                 prepare=2, internal=0
                 bindings=(nil), bindings_allocated=0
                 parameters=(nil), parameters_allocated=0
                 statement_type=5, statement='create extension postgis'
                 stmt_with_params='create extension postgis'
                 data_at_exec=-1, current_exec_param=-1, put_data=0
                 currTuple=-1, current_col=-1, lobj_fd=-1
                 maxRows=0, rowset_size=1, keyset_size=0, cursor_type=0, scroll_concurrency=1
                 cursor_name='SQL_CUR0x39f4b40'
                 ----------------QResult Info -------------------------------
                 fields=0x3aadbd0, backend_tuples=(nil), tupleField=0, conn=(nil)
                 fetch_count=0, num_total_rows=0, num_fields=0, cursor='(NULL)'
                 message='ERROR:  extension "postgis" already exists', command='(NULL)', notice='(NULL)'
                 status=7, inTuples=0
CONN ERROR: func=SC_execute, desc='(null)', errnum=110, errmsg='ERROR:  extension "postgis" already exists'
            ------------------------------------------------------------
            henv=0x389f750, conn=0x4261110, status=1, num_stmts=16
            sock=0x4261c60, stmts=0x396eb00, lobj_type=-999
            ---------------- Socket Info -------------------------------
            socket=6, reverse=0, errornumber=0, errormsg='(NULL)'
            buffer_in=67473568, buffer_out=67477680
            buffer_filled_in=46, buffer_filled_out=0, buffer_read_in=46
conn=0x4261110, query='create extension plr'
ERROR from backend during send_query: 'ERROR:  extension "plr" already exists'
STATEMENT ERROR: func=SC_execute, desc='(null)', errnum=7, errmsg='Error while executing the query'
                 ------------------------------------------------------------
                 hdbc=0x4261110, stmt=0x39f4b40, result=0x3a30200
                 prepare=2, internal=0
                 bindings=(nil), bindings_allocated=0
                 parameters=(nil), parameters_allocated=0
                 statement_type=5, statement='create extension plr'
                 stmt_with_params='create extension plr'
                 data_at_exec=-1, current_exec_param=-1, put_data=0
                 currTuple=-1, current_col=-1, lobj_fd=-1
                 maxRows=0, rowset_size=1, keyset_size=0, cursor_type=0, scroll_concurrency=1
                 cursor_name='SQL_CUR0x39f4b40'
                 ----------------QResult Info -------------------------------
                 fields=0x3d3fa40, backend_tuples=(nil), tupleField=0, conn=(nil)
                 fetch_count=0, num_total_rows=0, num_fields=0, cursor='(NULL)'
                 message='ERROR:  extension "plr" already exists', command='(NULL)', notice='(NULL)'
                 status=7, inTuples=0
CONN ERROR: func=SC_execute, desc='(null)', errnum=110, errmsg='ERROR:  extension "postgis" already exists'
            ------------------------------------------------------------
            henv=0x389f750, conn=0x4261110, status=1, num_stmts=16
            sock=0x4261c60, stmts=0x396eb00, lobj_type=-999
            ---------------- Socket Info -------------------------------
            socket=6, reverse=0, errornumber=0, errormsg='(NULL)'
            buffer_in=67473568, buffer_out=67477680
            buffer_filled_in=42, buffer_filled_out=0, buffer_read_in=42
conn=0x3acb2c0, PGAPI_DriverConnect( in)='DSN=brant', fDriverCompletion=0
DSN info: DSN='brant',server='postgis',port='',dbase='brant',user='docker',passwd='xxxxx'
          onlyread='0',protocol='8.2.5',showoid='',fakeoidindex='',showsystable=''
          conn_settings='(null)', conn_encoding='(null)'
          translation_dll='',translation_option=''
Driver Version='09.03.0300,201405140001'
Global Options: fetch=100, socket=4096, unknown_sizes=0, max_varchar_size=255, max_longvarchar_size=8190
                disable_optimizer=0, ksqo=1, unique_index=1, use_declarefetch=0
                text_as_longvarchar=1, unknowns_as_longvarchar=0, bools_as_char=1 NAMEDATALEN=64
                extra_systable_prefixes='dd_;', conn_settings='(null)' conn_encoding=''
conn=0x3acb2c0, query=' '
conn=0x3acb2c0, query='select version()'
    [ fetched 1 rows ]
    [ PostgreSQL version string = 'PostgreSQL 9.5.5 on x86_64-pc-linux-gnu, compiled by gcc (Debian 4.9.2-10) 4.9.2, 64-bit' ]
    [ PostgreSQL version number = '9.5' ]
conn=0x3acb2c0, query='set DateStyle to 'ISO''
conn=0x3acb2c0, query='set extra_float_digits to 2'
conn=0x3acb2c0, query='select oid, typbasetype from pg_type where typname = 'lo''
    [ fetched 0 rows ]
    [ Large Object oid = -999 ]
conn=0x3acb2c0, query='select pg_client_encoding()'
    [ fetched 1 rows ]
    [ Client encoding = 'SQL_ASCII' (code = 0) ]
conn=0x3acb2c0, PGAPI_DriverConnect(out)='DSN=brant;DATABASE=brant;SERVER=postgis;PORT=5432;UID=docker;PWD=docker;SSLmode=disable;ReadOnly=0;Protocol=8.2.5;FakeOidIndex=0;ShowOidColumn=0;RowVersioning=0;ShowSystemTables=0;ConnSettings=;Fetch=100;Socket=4096;UnknownSizes=0;MaxVarcharSize=255;MaxLongVarcharSize=8190;Debug=0;CommLog=1;Optimizer=0;Ksqo=1;UseDeclareFetch=0;TextAsLongVarchar=1;UnknownsAsLongVarchar=0;BoolsAsChar=1;Parse=0;CancelAsFreeStmt=0;ExtraSysTablePrefixes=dd_;;LFConversion=0;UpdatableCursors=1;DisallowPremature=0;TrueIsMinus1=0;BI=0;ByteaAsLongVarBinary=0;UseServerSidePrepare=1;LowerCaseIdentifier=0;'
conn=0x3acb2c0, query='CREATE OR REPLACE FUNCTION median (float[]) RETURNS float AS '
x<-arg1
x<-as.numeric(as.character(x))
x<-na.omit(x)
median(x,na.rm=TRUE)'
LANGUAGE 'plr' STRICT;

CREATE OR REPLACE FUNCTION q10 (float[]) RETURNS float AS '
x<-arg1
x<-as.numeric(as.character(x))
x<-na.omit(x)
quantile(x,0.1,na.rm=TRUE)'
LANGUAGE 'plr' STRICT;

CREATE OR REPLACE FUNCTION q90 (float[]) RETURNS float AS '
x<-arg1
x<-as.numeric(as.character(x))
x<-na.omit(x)
quantile(x,0.9,na.rm=TRUE)'
LANGUAGE 'plr' STRICT;

CREATE OR REPLACE FUNCTION q75 (float[]) RETURNS float AS '
x<-arg1
x<-as.numeric(as.character(x))
x<-na.omit(x)
quantile(x,0.75,na.rm=TRUE)'
LANGUAGE 'plr' STRICT;

CREATE OR REPLACE FUNCTION q25 (float[]) RETURNS float AS '
x<-arg1
x<-as.numeric(as.character(x))
x<-na.omit(x)
quantile(x,0.25,na.rm=TRUE)'
LANGUAGE 'plr' STRICT;

CREATE OR REPLACE FUNCTION minimum (float[]) RETURNS float AS '
x<-arg1
x<-as.numeric(as.character(x))
x<-na.omit(x)
min(x,na.rm=TRUE)'
LANGUAGE 'plr' STRICT;

CREATE OR REPLACE FUNCTION maximum (float[]) RETURNS float AS '
x<-arg1
x<-as.numeric(as.character(x))
x<-na.omit(x)
max(x,na.rm=TRUE)'
LANGUAGE 'plr' STRICT;

CREATE OR REPLACE FUNCTION mean (float[]) RETURNS float AS '
x<-arg1
x<-as.numeric(as.character(x))
x<-na.omit(x)
mean(x,na.rm=TRUE)'
LANGUAGE 'plr' STRICT;

CREATE OR REPLACE FUNCTION sd (float[]) RETURNS float AS '
x<-arg1
x<-as.numeric(as.character(x))
x<-na.omit(x)
sd(x,na.rm=TRUE)'
LANGUAGE 'plr' STRICT;

CREATE OR REPLACE FUNCTION se (float[]) RETURNS float AS '
x<-arg1
x<-as.numeric(as.character(x))
x<-na.omit(x)
sd(x,na.rm=TRUE)/sqrt(length(x))'
LANGUAGE 'plr' STRICT;

CREATE OR REPLACE FUNCTION length (float[]) RETURNS float AS '
x<-arg1
x<-as.numeric(as.character(x))
x<-na.omit(x)
length(x)'
LANGUAGE 'plr' STRICT;

CREATE OR REPLACE FUNCTION PSuitable (float[],float[],float,float,float) RETURNS float AS '
x<-arg1
q<-arg2
depth<-arg3
ht<-arg4
tide<-arg5
depth<-depth+tide
x2<-q[x>=depth&x<=ht]
x2<-max(x2)-min(x2)
if(is.na(x2))x2<-0
if(x2==-Inf)x2<-0
x2'
LANGUAGE 'plr' STRICT;

'
conn=0x4370ee0, PGAPI_DriverConnect( in)='DSN=brant', fDriverCompletion=0
DSN info: DSN='brant',server='postgis',port='',dbase='brant',user='docker',passwd='xxxxx'
          onlyread='0',protocol='8.2.5',showoid='',fakeoidindex='',showsystable=''
          conn_settings='(null)', conn_encoding='(null)'
          translation_dll='',translation_option=''
Driver Version='09.03.0300,201405140001'
Global Options: fetch=100, socket=4096, unknown_sizes=0, max_varchar_size=255, max_longvarchar_size=8190
                disable_optimizer=0, ksqo=1, unique_index=1, use_declarefetch=0
                text_as_longvarchar=1, unknowns_as_longvarchar=0, bools_as_char=1 NAMEDATALEN=64
                extra_systable_prefixes='dd_;', conn_settings='(null)' conn_encoding=''
conn=0x4370ee0, query=' '
conn=0x4370ee0, query='select version()'
    [ fetched 1 rows ]
    [ PostgreSQL version string = 'PostgreSQL 9.5.5 on x86_64-pc-linux-gnu, compiled by gcc (Debian 4.9.2-10) 4.9.2, 64-bit' ]
    [ PostgreSQL version number = '9.5' ]
conn=0x4370ee0, query='set DateStyle to 'ISO''
conn=0x4370ee0, query='set extra_float_digits to 2'
conn=0x4370ee0, query='select oid, typbasetype from pg_type where typname = 'lo''
    [ fetched 0 rows ]
    [ Large Object oid = -999 ]
conn=0x4370ee0, query='select pg_client_encoding()'
    [ fetched 1 rows ]
    [ Client encoding = 'SQL_ASCII' (code = 0) ]
conn=0x4370ee0, PGAPI_DriverConnect(out)='DSN=brant;DATABASE=brant;SERVER=postgis;PORT=5432;UID=docker;PWD=docker;SSLmode=disable;ReadOnly=0;Protocol=8.2.5;FakeOidIndex=0;ShowOidColumn=0;RowVersioning=0;ShowSystemTables=0;ConnSettings=;Fetch=100;Socket=4096;UnknownSizes=0;MaxVarcharSize=255;MaxLongVarcharSize=8190;Debug=0;CommLog=1;Optimizer=0;Ksqo=1;UseDeclareFetch=0;TextAsLongVarchar=1;UnknownsAsLongVarchar=0;BoolsAsChar=1;Parse=0;CancelAsFreeStmt=0;ExtraSysTablePrefixes=dd_;;LFConversion=0;UpdatableCursors=1;DisallowPremature=0;TrueIsMinus1=0;BI=0;ByteaAsLongVarBinary=0;UseServerSidePrepare=1;LowerCaseIdentifier=0;'
conn=0x4370ee0, query='
                 drop table if exists grat;
create table grat as
select s.* from
(select
geom,
minimum(vals) min,
q10(vals) q10,
q25(vals) q25,
median(vals) median,
mean(vals) mean,
q75(vals) q75,
q90(vals) q90,
maximum(vals) max
from
(select st_envelope(st_tile(rast,20,20)) geom,
 st_tile(rast,20,200) rast,
 (st_dumpvalues(st_tile(rast,20,20))).valarray vals
  from dem) d

) s
where min>-10 and max < 10 and min <1000000000000;'
conn=0x4370ee0, query='
ALTER TABLE grat ADD COLUMN psuitable numeric(3);
'
conn=0x4389650, PGAPI_DriverConnect( in)='DSN=brant', fDriverCompletion=0
DSN info: DSN='brant',server='postgis',port='',dbase='brant',user='docker',passwd='xxxxx'
          onlyread='0',protocol='8.2.5',showoid='',fakeoidindex='',showsystable=''
          conn_settings='(null)', conn_encoding='(null)'
          translation_dll='',translation_option=''
Driver Version='09.03.0300,201405140001'
Global Options: fetch=100, socket=4096, unknown_sizes=0, max_varchar_size=255, max_longvarchar_size=8190
                disable_optimizer=0, ksqo=1, unique_index=1, use_declarefetch=0
                text_as_longvarchar=1, unknowns_as_longvarchar=0, bools_as_char=1 NAMEDATALEN=64
                extra_systable_prefixes='dd_;', conn_settings='(null)' conn_encoding=''
conn=0x4389650, query=' '
conn=0x4389650, query='select version()'
    [ fetched 1 rows ]
    [ PostgreSQL version string = 'PostgreSQL 9.5.5 on x86_64-pc-linux-gnu, compiled by gcc (Debian 4.9.2-10) 4.9.2, 64-bit' ]
    [ PostgreSQL version number = '9.5' ]
conn=0x4389650, query='set DateStyle to 'ISO''
conn=0x4389650, query='set extra_float_digits to 2'
conn=0x4389650, query='select oid, typbasetype from pg_type where typname = 'lo''
    [ fetched 0 rows ]
    [ Large Object oid = -999 ]
conn=0x4389650, query='select pg_client_encoding()'
    [ fetched 1 rows ]
    [ Client encoding = 'SQL_ASCII' (code = 0) ]
conn=0x4389650, PGAPI_DriverConnect(out)='DSN=brant;DATABASE=brant;SERVER=postgis;PORT=5432;UID=docker;PWD=docker;SSLmode=disable;ReadOnly=0;Protocol=8.2.5;FakeOidIndex=0;ShowOidColumn=0;RowVersioning=0;ShowSystemTables=0;ConnSettings=;Fetch=100;Socket=4096;UnknownSizes=0;MaxVarcharSize=255;MaxLongVarcharSize=8190;Debug=0;CommLog=1;Optimizer=0;Ksqo=1;UseDeclareFetch=0;TextAsLongVarchar=1;UnknownsAsLongVarchar=0;BoolsAsChar=1;Parse=0;CancelAsFreeStmt=0;ExtraSysTablePrefixes=dd_;;LFConversion=0;UpdatableCursors=1;DisallowPremature=0;TrueIsMinus1=0;BI=0;ByteaAsLongVarBinary=0;UseServerSidePrepare=1;LowerCaseIdentifier=0;'
conn=0x4389650, query='update grat set psuitable = PSuitable(array[min,q10,q25,median,q75,q90,max],array[0,10,25,50,75,90,100],-2,5,0);'
conn=0x3daff60, PGAPI_DriverConnect( in)='DSN=brant', fDriverCompletion=0
DSN info: DSN='brant',server='postgis',port='',dbase='brant',user='docker',passwd='xxxxx'
          onlyread='0',protocol='8.2.5',showoid='',fakeoidindex='',showsystable=''
          conn_settings='(null)', conn_encoding='(null)'
          translation_dll='',translation_option=''
Driver Version='09.03.0300,201405140001'
Global Options: fetch=100, socket=4096, unknown_sizes=0, max_varchar_size=255, max_longvarchar_size=8190
                disable_optimizer=0, ksqo=1, unique_index=1, use_declarefetch=0
                text_as_longvarchar=1, unknowns_as_longvarchar=0, bools_as_char=1 NAMEDATALEN=64
                extra_systable_prefixes='dd_;', conn_settings='(null)' conn_encoding=''
conn=0x3daff60, query=' '
conn=0x3daff60, query='select version()'
    [ fetched 1 rows ]
    [ PostgreSQL version string = 'PostgreSQL 9.5.5 on x86_64-pc-linux-gnu, compiled by gcc (Debian 4.9.2-10) 4.9.2, 64-bit' ]
    [ PostgreSQL version number = '9.5' ]
conn=0x3daff60, query='set DateStyle to 'ISO''
conn=0x3daff60, query='set extra_float_digits to 2'
conn=0x3daff60, query='select oid, typbasetype from pg_type where typname = 'lo''
    [ fetched 0 rows ]
    [ Large Object oid = -999 ]
conn=0x3daff60, query='select pg_client_encoding()'
    [ fetched 1 rows ]
    [ Client encoding = 'SQL_ASCII' (code = 0) ]
conn=0x3daff60, PGAPI_DriverConnect(out)='DSN=brant;DATABASE=brant;SERVER=postgis;PORT=5432;UID=docker;PWD=docker;SSLmode=disable;ReadOnly=0;Protocol=8.2.5;FakeOidIndex=0;ShowOidColumn=0;RowVersioning=0;ShowSystemTables=0;ConnSettings=;Fetch=100;Socket=4096;UnknownSizes=0;MaxVarcharSize=255;MaxLongVarcharSize=8190;Debug=0;CommLog=1;Optimizer=0;Ksqo=1;UseDeclareFetch=0;TextAsLongVarchar=1;UnknownsAsLongVarchar=0;BoolsAsChar=1;Parse=0;CancelAsFreeStmt=0;ExtraSysTablePrefixes=dd_;;LFConversion=0;UpdatableCursors=1;DisallowPremature=0;TrueIsMinus1=0;BI=0;ByteaAsLongVarBinary=0;UseServerSidePrepare=1;LowerCaseIdentifier=0;'
conn=0x3daff60, query='create table tmp as
select g.*,
med median_dem,
mn mean_dem
from 
grat g,
(select 
t2.rid,
median((st_dumpvalues(st_union(st_clip(rast,geom)))).valarray) med,
mean((st_dumpvalues(st_union(st_clip(rast,geom)))).valarray) mn
from dem t,
(select * from grat) t2
where st_intersects(rast,geom)
group by t2.rid) s
where s.rid=g.rid;
drop table grat;
ALTER TABLE tmp RENAME TO grat;
CREATE INDEX grat_gix ON grat USING GIST (geom);'
ERROR from backend during send_query: 'ERROR:  column t2.rid does not exist at character 84'
STATEMENT ERROR: func=SC_execute, desc='(null)', errnum=7, errmsg='Error while executing the query'
                 ------------------------------------------------------------
                 hdbc=0x3daff60, stmt=0x3b97570, result=0x32c47d0
                 prepare=2, internal=0
                 bindings=(nil), bindings_allocated=0
                 parameters=(nil), parameters_allocated=0
                 statement_type=5, statement='create table tmp as
select g.*,
med median_dem,
mn mean_dem
from 
grat g,
(select 
t2.rid,
median((st_dumpvalues(st_union(st_clip(rast,geom)))).valarray) med,
mean((st_dumpvalues(st_union(st_clip(rast,geom)))).valarray) mn
from dem t,
(select * from grat) t2
where st_intersects(rast,geom)
group by t2.rid) s
where s.rid=g.rid;
drop table grat;
ALTER TABLE tmp RENAME TO grat;
CREATE INDEX grat_gix ON grat USING GIST (geom);'
                 stmt_with_params='create table tmp as
select g.*,
med median_dem,
mn mean_dem
from 
grat g,
(select 
t2.rid,
median((st_dumpvalues(st_union(st_clip(rast,geom)))).valarray) med,
mean((st_dumpvalues(st_union(st_clip(rast,geom)))).valarray) mn
from dem t,
(select * from grat) t2
where st_intersects(rast,geom)
group by t2.rid) s
where s.rid=g.rid;
drop table grat;
ALTER TABLE tmp RENAME TO grat;
CREATE INDEX grat_gix ON grat USING GIST (geom);'
                 data_at_exec=-1, current_exec_param=-1, put_data=0
                 currTuple=-1, current_col=-1, lobj_fd=-1
                 maxRows=0, rowset_size=1, keyset_size=0, cursor_type=0, scroll_concurrency=1
                 cursor_name='SQL_CUR0x3b97570'
                 ----------------QResult Info -------------------------------
                 fields=0x38f24e0, backend_tuples=(nil), tupleField=0, conn=(nil)
                 fetch_count=0, num_total_rows=0, num_fields=0, cursor='(NULL)'
                 message='ERROR:  column t2.rid does not exist at character 84', command='(NULL)', notice='(NULL)'
                 status=7, inTuples=0
CONN ERROR: func=SC_execute, desc='(null)', errnum=110, errmsg='ERROR:  column t2.rid does not exist at character 84'
            ------------------------------------------------------------
            henv=0x389f750, conn=0x3daff60, status=1, num_stmts=16
            sock=0x32c4510, stmts=0x2237ce0, lobj_type=-999
            ---------------- Socket Info -------------------------------
            socket=10, reverse=0, errornumber=0, errormsg='(NULL)'
            buffer_in=64686768, buffer_out=64690880
            buffer_filled_in=1, buffer_filled_out=0, buffer_read_in=1
conn=0x3db5d20, PGAPI_DriverConnect( in)='DSN=brant', fDriverCompletion=0
DSN info: DSN='brant',server='postgis',port='',dbase='brant',user='docker',passwd='xxxxx'
          onlyread='0',protocol='8.2.5',showoid='',fakeoidindex='',showsystable=''
          conn_settings='(null)', conn_encoding='(null)'
          translation_dll='',translation_option=''
Driver Version='09.03.0300,201405140001'
Global Options: fetch=100, socket=4096, unknown_sizes=0, max_varchar_size=255, max_longvarchar_size=8190
                disable_optimizer=0, ksqo=1, unique_index=1, use_declarefetch=0
                text_as_longvarchar=1, unknowns_as_longvarchar=0, bools_as_char=1 NAMEDATALEN=64
                extra_systable_prefixes='dd_;', conn_settings='(null)' conn_encoding=''
conn=0x3db5d20, query=' '
conn=0x3db5d20, query='select version()'
    [ fetched 1 rows ]
    [ PostgreSQL version string = 'PostgreSQL 9.5.5 on x86_64-pc-linux-gnu, compiled by gcc (Debian 4.9.2-10) 4.9.2, 64-bit' ]
    [ PostgreSQL version number = '9.5' ]
conn=0x3db5d20, query='set DateStyle to 'ISO''
conn=0x3db5d20, query='set extra_float_digits to 2'
conn=0x3db5d20, query='select oid, typbasetype from pg_type where typname = 'lo''
    [ fetched 0 rows ]
    [ Large Object oid = -999 ]
conn=0x3db5d20, query='select pg_client_encoding()'
    [ fetched 1 rows ]
    [ Client encoding = 'SQL_ASCII' (code = 0) ]
conn=0x3db5d20, PGAPI_DriverConnect(out)='DSN=brant;DATABASE=brant;SERVER=postgis;PORT=5432;UID=docker;PWD=docker;SSLmode=disable;ReadOnly=0;Protocol=8.2.5;FakeOidIndex=0;ShowOidColumn=0;RowVersioning=0;ShowSystemTables=0;ConnSettings=;Fetch=100;Socket=4096;UnknownSizes=0;MaxVarcharSize=255;MaxLongVarcharSize=8190;Debug=0;CommLog=1;Optimizer=0;Ksqo=1;UseDeclareFetch=0;TextAsLongVarchar=1;UnknownsAsLongVarchar=0;BoolsAsChar=1;Parse=0;CancelAsFreeStmt=0;ExtraSysTablePrefixes=dd_;;LFConversion=0;UpdatableCursors=1;DisallowPremature=0;TrueIsMinus1=0;BI=0;ByteaAsLongVarBinary=0;UseServerSidePrepare=1;LowerCaseIdentifier=0;'
conn=0x3db5d20, query='
drop table if exists tmp;
create table tmp as
select gg.*,s.tide from
grat gg,
(select g.rid,min(tide) tide from 
grat g,
tide_regime t
where st_intersects(t.geom,g.geom)
group by rid,g.geom) s
where s.rid=gg.rid;
drop table grat;
ALTER TABLE tmp RENAME TO grat;
CREATE INDEX grat_gix ON grat USING GIST (geom);'
NOTICE from backend during send_query: 'NOTICE:  table "tmp" does not exist, skipping'
ERROR from backend during send_query: 'ERROR:  column g.rid does not exist at character 89'
STATEMENT ERROR: func=SC_execute, desc='(null)', errnum=7, errmsg='Error while executing the query'
                 ------------------------------------------------------------
                 hdbc=0x3db5d20, stmt=0x3771870, result=0x24a6680
                 prepare=2, internal=0
                 bindings=(nil), bindings_allocated=0
                 parameters=(nil), parameters_allocated=0
                 statement_type=7, statement='
drop table if exists tmp;
create table tmp as
select gg.*,s.tide from
grat gg,
(select g.rid,min(tide) tide from 
grat g,
tide_regime t
where st_intersects(t.geom,g.geom)
group by rid,g.geom) s
where s.rid=gg.rid;
drop table grat;
ALTER TABLE tmp RENAME TO grat;
CREATE INDEX grat_gix ON grat USING GIST (geom);'
                 stmt_with_params='
drop table if exists tmp;
create table tmp as
select gg.*,s.tide from
grat gg,
(select g.rid,min(tide) tide from 
grat g,
tide_regime t
where st_intersects(t.geom,g.geom)
group by rid,g.geom) s
where s.rid=gg.rid;
drop table grat;
ALTER TABLE tmp RENAME TO grat;
CREATE INDEX grat_gix ON grat USING GIST (geom);'
                 data_at_exec=-1, current_exec_param=-1, put_data=0
                 currTuple=-1, current_col=-1, lobj_fd=-1
                 maxRows=0, rowset_size=1, keyset_size=0, cursor_type=0, scroll_concurrency=1
                 cursor_name='SQL_CUR0x3771870'
                 ----------------QResult Info -------------------------------
                 fields=0x3364c70, backend_tuples=(nil), tupleField=0, conn=(nil)
                 fetch_count=0, num_total_rows=0, num_fields=0, cursor='(NULL)'
                 message='ERROR:  column g.rid does not exist at character 89', command='DROP TABLE', notice='NOTICE:  table "tmp" does not exist, skipping'
                 status=7, inTuples=0
CONN ERROR: func=SC_execute, desc='(null)', errnum=110, errmsg='ERROR:  column g.rid does not exist at character 89'
            ------------------------------------------------------------
            henv=0x389f750, conn=0x3db5d20, status=1, num_stmts=16
            sock=0x38a2630, stmts=0x2b04280, lobj_type=-999
            ---------------- Socket Info -------------------------------
            socket=11, reverse=0, errornumber=0, errormsg='(NULL)'
            buffer_in=78000896, buffer_out=78005008
            buffer_filled_in=1, buffer_filled_out=0, buffer_read_in=1
conn=0x3db5d20, PGAPI_Disconnect
conn=0x3daff60, PGAPI_Disconnect
conn=0x4389650, PGAPI_Disconnect
conn=0x4370ee0, PGAPI_Disconnect
conn=0x3acb2c0, PGAPI_Disconnect
conn=0x4261110, PGAPI_Disconnect
conn=0x4c10910, PGAPI_DriverConnect( in)='DSN=brant', fDriverCompletion=0
DSN info: DSN='brant',server='postgis',port='',dbase='brant',user='docker',passwd='xxxxx'
          onlyread='0',protocol='8.2.5',showoid='',fakeoidindex='',showsystable=''
          conn_settings='(null)', conn_encoding='(null)'
          translation_dll='',translation_option=''
Driver Version='09.03.0300,201405140001'
Global Options: fetch=100, socket=4096, unknown_sizes=0, max_varchar_size=255, max_longvarchar_size=8190
                disable_optimizer=0, ksqo=1, unique_index=1, use_declarefetch=0
                text_as_longvarchar=1, unknowns_as_longvarchar=0, bools_as_char=1 NAMEDATALEN=64
                extra_systable_prefixes='dd_;', conn_settings='(null)' conn_encoding=''
conn=0x4c10910, query=' '
conn=0x4c10910, query='select version()'
    [ fetched 1 rows ]
    [ PostgreSQL version string = 'PostgreSQL 9.5.5 on x86_64-pc-linux-gnu, compiled by gcc (Debian 4.9.2-10) 4.9.2, 64-bit' ]
    [ PostgreSQL version number = '9.5' ]
conn=0x4c10910, query='set DateStyle to 'ISO''
conn=0x4c10910, query='set extra_float_digits to 2'
conn=0x4c10910, query='select oid, typbasetype from pg_type where typname = 'lo''
    [ fetched 0 rows ]
    [ Large Object oid = -999 ]
conn=0x4c10910, query='select pg_client_encoding()'
    [ fetched 1 rows ]
    [ Client encoding = 'SQL_ASCII' (code = 0) ]
conn=0x4c10910, PGAPI_DriverConnect(out)='DSN=brant;DATABASE=brant;SERVER=postgis;PORT=5432;UID=docker;PWD=docker;SSLmode=disable;ReadOnly=0;Protocol=8.2.5;FakeOidIndex=0;ShowOidColumn=0;RowVersioning=0;ShowSystemTables=0;ConnSettings=;Fetch=100;Socket=4096;UnknownSizes=0;MaxVarcharSize=255;MaxLongVarcharSize=8190;Debug=0;CommLog=1;Optimizer=0;Ksqo=1;UseDeclareFetch=0;TextAsLongVarchar=1;UnknownsAsLongVarchar=0;BoolsAsChar=1;Parse=0;CancelAsFreeStmt=0;ExtraSysTablePrefixes=dd_;;LFConversion=0;UpdatableCursors=1;DisallowPremature=0;TrueIsMinus1=0;BI=0;ByteaAsLongVarBinary=0;UseServerSidePrepare=1;LowerCaseIdentifier=0;'
conn=0x4c10910, query='create view temp_view as select * from grat'
conn=0x4c10910, query='drop view temp_view'
conn=0x4c10910, PGAPI_Disconnect
