conn=0x12cd17f0, PGAPI_DriverConnect( in)='DSN=brant', fDriverCompletion=0
DSN info: DSN='brant',server='postgis',port='',dbase='brant',user='docker',passwd='xxxxx'
          onlyread='0',protocol='8.2.5',showoid='',fakeoidindex='',showsystable=''
          conn_settings='(null)', conn_encoding='(null)'
          translation_dll='',translation_option=''
Driver Version='09.03.0300,201405140001'
Global Options: fetch=100, socket=4096, unknown_sizes=0, max_varchar_size=255, max_longvarchar_size=8190
                disable_optimizer=0, ksqo=1, unique_index=1, use_declarefetch=0
                text_as_longvarchar=1, unknowns_as_longvarchar=0, bools_as_char=1 NAMEDATALEN=64
                extra_systable_prefixes='dd_;', conn_settings='(null)' conn_encoding=''
conn=0x12cd17f0, query=' '
conn=0x12cd17f0, query='select version()'
    [ fetched 1 rows ]
    [ PostgreSQL version string = 'PostgreSQL 9.5.5 on x86_64-pc-linux-gnu, compiled by gcc (Debian 4.9.2-10) 4.9.2, 64-bit' ]
    [ PostgreSQL version number = '9.5' ]
conn=0x12cd17f0, query='set DateStyle to 'ISO''
conn=0x12cd17f0, query='set extra_float_digits to 2'
conn=0x12cd17f0, query='select oid, typbasetype from pg_type where typname = 'lo''
    [ fetched 0 rows ]
    [ Large Object oid = -999 ]
conn=0x12cd17f0, query='select pg_client_encoding()'
    [ fetched 1 rows ]
    [ Client encoding = 'SQL_ASCII' (code = 0) ]
conn=0x12cd17f0, PGAPI_DriverConnect(out)='DSN=brant;DATABASE=brant;SERVER=postgis;PORT=5432;UID=docker;PWD=docker;SSLmode=disable;ReadOnly=0;Protocol=8.2.5;FakeOidIndex=0;ShowOidColumn=0;RowVersioning=0;ShowSystemTables=0;ConnSettings=;Fetch=100;Socket=4096;UnknownSizes=0;MaxVarcharSize=255;MaxLongVarcharSize=8190;Debug=0;CommLog=1;Optimizer=0;Ksqo=1;UseDeclareFetch=0;TextAsLongVarchar=1;UnknownsAsLongVarchar=0;BoolsAsChar=1;Parse=0;CancelAsFreeStmt=0;ExtraSysTablePrefixes=dd_;;LFConversion=0;UpdatableCursors=1;DisallowPremature=0;TrueIsMinus1=0;BI=0;ByteaAsLongVarBinary=0;UseServerSidePrepare=1;LowerCaseIdentifier=0;'
conn=0x12cd17f0, query='
drop table if exists tides;
create table tides
(
station integer,
time timestamp,
ht float
);'
NOTICE from backend during send_query: 'NOTICE:  table "tides" does not exist, skipping'
conn=0x12cd17f0, query='select * from tides limit 10'
    [ fetched 10 rows ]
conn=0x12cd17f0, query='select extract(hour from time) hr,* from tides WHERE time >= '2016-01-01'
AND time < '2016-02-02' order by hr'
    [ fetched 1534 rows ]
conn=0x518b480, PGAPI_DriverConnect( in)='DSN=brant', fDriverCompletion=0
DSN info: DSN='brant',server='postgis',port='',dbase='brant',user='docker',passwd='xxxxx'
          onlyread='0',protocol='8.2.5',showoid='',fakeoidindex='',showsystable=''
          conn_settings='(null)', conn_encoding='(null)'
          translation_dll='',translation_option=''
Driver Version='09.03.0300,201405140001'
Global Options: fetch=100, socket=4096, unknown_sizes=0, max_varchar_size=255, max_longvarchar_size=8190
                disable_optimizer=0, ksqo=1, unique_index=1, use_declarefetch=0
                text_as_longvarchar=1, unknowns_as_longvarchar=0, bools_as_char=1 NAMEDATALEN=64
                extra_systable_prefixes='dd_;', conn_settings='(null)' conn_encoding=''
conn=0x518b480, query=' '
conn=0x518b480, query='select version()'
    [ fetched 1 rows ]
    [ PostgreSQL version string = 'PostgreSQL 9.5.5 on x86_64-pc-linux-gnu, compiled by gcc (Debian 4.9.2-10) 4.9.2, 64-bit' ]
    [ PostgreSQL version number = '9.5' ]
conn=0x518b480, query='set DateStyle to 'ISO''
conn=0x518b480, query='set extra_float_digits to 2'
conn=0x518b480, query='select oid, typbasetype from pg_type where typname = 'lo''
    [ fetched 0 rows ]
    [ Large Object oid = -999 ]
conn=0x518b480, query='select pg_client_encoding()'
    [ fetched 1 rows ]
    [ Client encoding = 'SQL_ASCII' (code = 0) ]
conn=0x518b480, PGAPI_DriverConnect(out)='DSN=brant;DATABASE=brant;SERVER=postgis;PORT=5432;UID=docker;PWD=docker;SSLmode=disable;ReadOnly=0;Protocol=8.2.5;FakeOidIndex=0;ShowOidColumn=0;RowVersioning=0;ShowSystemTables=0;ConnSettings=;Fetch=100;Socket=4096;UnknownSizes=0;MaxVarcharSize=255;MaxLongVarcharSize=8190;Debug=0;CommLog=1;Optimizer=0;Ksqo=1;UseDeclareFetch=0;TextAsLongVarchar=1;UnknownsAsLongVarchar=0;BoolsAsChar=1;Parse=0;CancelAsFreeStmt=0;ExtraSysTablePrefixes=dd_;;LFConversion=0;UpdatableCursors=1;DisallowPremature=0;TrueIsMinus1=0;BI=0;ByteaAsLongVarBinary=0;UseServerSidePrepare=1;LowerCaseIdentifier=0;'
conn=0x518b480, query='create extension postgis'
ERROR from backend during send_query: 'ERROR:  extension "postgis" already exists'
STATEMENT ERROR: func=SC_execute, desc='(null)', errnum=7, errmsg='Error while executing the query'
                 ------------------------------------------------------------
                 hdbc=0x518b480, stmt=0xb4a62c0, result=0xe0da7f0
                 prepare=2, internal=0
                 bindings=(nil), bindings_allocated=0
                 parameters=(nil), parameters_allocated=0
                 statement_type=5, statement='create extension postgis'
                 stmt_with_params='create extension postgis'
                 data_at_exec=-1, current_exec_param=-1, put_data=0
                 currTuple=-1, current_col=-1, lobj_fd=-1
                 maxRows=0, rowset_size=1, keyset_size=0, cursor_type=0, scroll_concurrency=1
                 cursor_name='SQL_CUR0xb4a62c0'
                 ----------------QResult Info -------------------------------
                 fields=0xd70b1c0, backend_tuples=(nil), tupleField=0, conn=(nil)
                 fetch_count=0, num_total_rows=0, num_fields=0, cursor='(NULL)'
                 message='ERROR:  extension "postgis" already exists', command='(NULL)', notice='(NULL)'
                 status=7, inTuples=0
CONN ERROR: func=SC_execute, desc='(null)', errnum=110, errmsg='ERROR:  extension "postgis" already exists'
            ------------------------------------------------------------
            henv=0xbc9cbb0, conn=0x518b480, status=1, num_stmts=16
            sock=0x1309f560, stmts=0xb113680, lobj_type=-999
            ---------------- Socket Info -------------------------------
            socket=7, reverse=0, errornumber=0, errormsg='(NULL)'
            buffer_in=276638192, buffer_out=281715312
            buffer_filled_in=1, buffer_filled_out=0, buffer_read_in=1
conn=0x518b480, query='create extension plr'
ERROR from backend during send_query: 'ERROR:  extension "plr" already exists'
STATEMENT ERROR: func=SC_execute, desc='(null)', errnum=7, errmsg='Error while executing the query'
                 ------------------------------------------------------------
                 hdbc=0x518b480, stmt=0x13d338f0, result=0x2fa4f50
                 prepare=2, internal=0
                 bindings=(nil), bindings_allocated=0
                 parameters=(nil), parameters_allocated=0
                 statement_type=5, statement='create extension plr'
                 stmt_with_params='create extension plr'
                 data_at_exec=-1, current_exec_param=-1, put_data=0
                 currTuple=-1, current_col=-1, lobj_fd=-1
                 maxRows=0, rowset_size=1, keyset_size=0, cursor_type=0, scroll_concurrency=1
                 cursor_name='SQL_CUR0x13d338f0'
                 ----------------QResult Info -------------------------------
                 fields=0x13d7c270, backend_tuples=(nil), tupleField=0, conn=(nil)
                 fetch_count=0, num_total_rows=0, num_fields=0, cursor='(NULL)'
                 message='ERROR:  extension "plr" already exists', command='(NULL)', notice='(NULL)'
                 status=7, inTuples=0
CONN ERROR: func=SC_execute, desc='(null)', errnum=110, errmsg='ERROR:  extension "postgis" already exists'
            ------------------------------------------------------------
            henv=0xbc9cbb0, conn=0x518b480, status=1, num_stmts=16
            sock=0x1309f560, stmts=0xb113680, lobj_type=-999
            ---------------- Socket Info -------------------------------
            socket=7, reverse=0, errornumber=0, errormsg='(NULL)'
            buffer_in=276638192, buffer_out=281715312
            buffer_filled_in=1, buffer_filled_out=0, buffer_read_in=1
conn=0x50b0ce0, PGAPI_DriverConnect( in)='DSN=brant', fDriverCompletion=0
DSN info: DSN='brant',server='postgis',port='',dbase='brant',user='docker',passwd='xxxxx'
          onlyread='0',protocol='8.2.5',showoid='',fakeoidindex='',showsystable=''
          conn_settings='(null)', conn_encoding='(null)'
          translation_dll='',translation_option=''
Driver Version='09.03.0300,201405140001'
Global Options: fetch=100, socket=4096, unknown_sizes=0, max_varchar_size=255, max_longvarchar_size=8190
                disable_optimizer=0, ksqo=1, unique_index=1, use_declarefetch=0
                text_as_longvarchar=1, unknowns_as_longvarchar=0, bools_as_char=1 NAMEDATALEN=64
                extra_systable_prefixes='dd_;', conn_settings='(null)' conn_encoding=''
conn=0x50b0ce0, query=' '
conn=0x50b0ce0, query='select version()'
    [ fetched 1 rows ]
    [ PostgreSQL version string = 'PostgreSQL 9.5.5 on x86_64-pc-linux-gnu, compiled by gcc (Debian 4.9.2-10) 4.9.2, 64-bit' ]
    [ PostgreSQL version number = '9.5' ]
conn=0x50b0ce0, query='set DateStyle to 'ISO''
conn=0x50b0ce0, query='set extra_float_digits to 2'
conn=0x50b0ce0, query='select oid, typbasetype from pg_type where typname = 'lo''
    [ fetched 0 rows ]
    [ Large Object oid = -999 ]
conn=0x50b0ce0, query='select pg_client_encoding()'
    [ fetched 1 rows ]
    [ Client encoding = 'SQL_ASCII' (code = 0) ]
conn=0x50b0ce0, PGAPI_DriverConnect(out)='DSN=brant;DATABASE=brant;SERVER=postgis;PORT=5432;UID=docker;PWD=docker;SSLmode=disable;ReadOnly=0;Protocol=8.2.5;FakeOidIndex=0;ShowOidColumn=0;RowVersioning=0;ShowSystemTables=0;ConnSettings=;Fetch=100;Socket=4096;UnknownSizes=0;MaxVarcharSize=255;MaxLongVarcharSize=8190;Debug=0;CommLog=1;Optimizer=0;Ksqo=1;UseDeclareFetch=0;TextAsLongVarchar=1;UnknownsAsLongVarchar=0;BoolsAsChar=1;Parse=0;CancelAsFreeStmt=0;ExtraSysTablePrefixes=dd_;;LFConversion=0;UpdatableCursors=1;DisallowPremature=0;TrueIsMinus1=0;BI=0;ByteaAsLongVarBinary=0;UseServerSidePrepare=1;LowerCaseIdentifier=0;'
conn=0x50b0ce0, query='CREATE OR REPLACE FUNCTION median (float[]) RETURNS float AS '
x<-arg1
x<-as.numeric(as.character(x))
x<-na.omit(x)
median(x,na.rm=TRUE)'
LANGUAGE 'plr' STRICT;

CREATE OR REPLACE FUNCTION q10 (float[]) RETURNS float AS '
x<-arg1
x<-as.numeric(as.character(x))
x<-na.omit(x)
quantile(x,0.1,na.rm=TRUE)'
LANGUAGE 'plr' STRICT;

CREATE OR REPLACE FUNCTION q90 (float[]) RETURNS float AS '
x<-arg1
x<-as.numeric(as.character(x))
x<-na.omit(x)
quantile(x,0.9,na.rm=TRUE)'
LANGUAGE 'plr' STRICT;

CREATE OR REPLACE FUNCTION q75 (float[]) RETURNS float AS '
x<-arg1
x<-as.numeric(as.character(x))
x<-na.omit(x)
quantile(x,0.75,na.rm=TRUE)'
LANGUAGE 'plr' STRICT;

CREATE OR REPLACE FUNCTION q25 (float[]) RETURNS float AS '
x<-arg1
x<-as.numeric(as.character(x))
x<-na.omit(x)
quantile(x,0.25,na.rm=TRUE)'
LANGUAGE 'plr' STRICT;

CREATE OR REPLACE FUNCTION minimum (float[]) RETURNS float AS '
x<-arg1
x<-as.numeric(as.character(x))
x<-na.omit(x)
min(x,na.rm=TRUE)'
LANGUAGE 'plr' STRICT;

CREATE OR REPLACE FUNCTION maximum (float[]) RETURNS float AS '
x<-arg1
x<-as.numeric(as.character(x))
x<-na.omit(x)
max(x,na.rm=TRUE)'
LANGUAGE 'plr' STRICT;

CREATE OR REPLACE FUNCTION mean (float[]) RETURNS float AS '
x<-arg1
x<-as.numeric(as.character(x))
x<-na.omit(x)
mean(x,na.rm=TRUE)'
LANGUAGE 'plr' STRICT;

CREATE OR REPLACE FUNCTION sd (float[]) RETURNS float AS '
x<-arg1
x<-as.numeric(as.character(x))
x<-na.omit(x)
sd(x,na.rm=TRUE)'
LANGUAGE 'plr' STRICT;

CREATE OR REPLACE FUNCTION se (float[]) RETURNS float AS '
x<-arg1
x<-as.numeric(as.character(x))
x<-na.omit(x)
sd(x,na.rm=TRUE)/sqrt(length(x))'
LANGUAGE 'plr' STRICT;

CREATE OR REPLACE FUNCTION length (float[]) RETURNS float AS '
x<-arg1
x<-as.numeric(as.character(x))
x<-na.omit(x)
length(x)'
LANGUAGE 'plr' STRICT;

CREATE OR REPLACE FUNCTION PSuitable (float[],float[],float,float,float) RETURNS float AS '
x<-arg1
q<-arg2
depth<-arg3
ht<-arg4
tide<-arg5
depth<-depth+tide
x2<-q[x>=depth&x<=ht]
x2<-max(x2)-min(x2)
if(is.na(x2))x2<-0
if(x2==-Inf)x2<-0
x2'
LANGUAGE 'plr' STRICT;

'
conn=0x10d5d2d0, PGAPI_DriverConnect( in)='DSN=brant', fDriverCompletion=0
DSN info: DSN='brant',server='postgis',port='',dbase='brant',user='docker',passwd='xxxxx'
          onlyread='0',protocol='8.2.5',showoid='',fakeoidindex='',showsystable=''
          conn_settings='(null)', conn_encoding='(null)'
          translation_dll='',translation_option=''
Driver Version='09.03.0300,201405140001'
Global Options: fetch=100, socket=4096, unknown_sizes=0, max_varchar_size=255, max_longvarchar_size=8190
                disable_optimizer=0, ksqo=1, unique_index=1, use_declarefetch=0
                text_as_longvarchar=1, unknowns_as_longvarchar=0, bools_as_char=1 NAMEDATALEN=64
                extra_systable_prefixes='dd_;', conn_settings='(null)' conn_encoding=''
conn=0x10d5d2d0, query=' '
conn=0x10d5d2d0, query='select version()'
    [ fetched 1 rows ]
    [ PostgreSQL version string = 'PostgreSQL 9.5.5 on x86_64-pc-linux-gnu, compiled by gcc (Debian 4.9.2-10) 4.9.2, 64-bit' ]
    [ PostgreSQL version number = '9.5' ]
conn=0x10d5d2d0, query='set DateStyle to 'ISO''
conn=0x10d5d2d0, query='set extra_float_digits to 2'
conn=0x10d5d2d0, query='select oid, typbasetype from pg_type where typname = 'lo''
    [ fetched 0 rows ]
    [ Large Object oid = -999 ]
conn=0x10d5d2d0, query='select pg_client_encoding()'
    [ fetched 1 rows ]
    [ Client encoding = 'SQL_ASCII' (code = 0) ]
conn=0x10d5d2d0, PGAPI_DriverConnect(out)='DSN=brant;DATABASE=brant;SERVER=postgis;PORT=5432;UID=docker;PWD=docker;SSLmode=disable;ReadOnly=0;Protocol=8.2.5;FakeOidIndex=0;ShowOidColumn=0;RowVersioning=0;ShowSystemTables=0;ConnSettings=;Fetch=100;Socket=4096;UnknownSizes=0;MaxVarcharSize=255;MaxLongVarcharSize=8190;Debug=0;CommLog=1;Optimizer=0;Ksqo=1;UseDeclareFetch=0;TextAsLongVarchar=1;UnknownsAsLongVarchar=0;BoolsAsChar=1;Parse=0;CancelAsFreeStmt=0;ExtraSysTablePrefixes=dd_;;LFConversion=0;UpdatableCursors=1;DisallowPremature=0;TrueIsMinus1=0;BI=0;ByteaAsLongVarBinary=0;UseServerSidePrepare=1;LowerCaseIdentifier=0;'
conn=0x10d5d2d0, query='
drop table if exists grat;
create table grat as
select s.* from
(select
geom,
st_area(geom)/1000000 areakm2,
minimum(vals) min,
q10(vals) q10,
q25(vals) q25,
median(vals) median,
mean(vals) mean,
q75(vals) q75,
q90(vals) q90,
maximum(vals) max
from
(select st_envelope(st_tile(rast,10,19)) geom,
 st_tile(rast,10,19) rast,
 (st_dumpvalues(st_tile(rast,10,19))).valarray vals
  from dem) d
) s
where min>-10 and max < 10 and min <1000000000000;'
conn=0x10d5d2d0, query='
ALTER TABLE grat ADD COLUMN rid BIGSERIAL PRIMARY KEY;
CREATE INDEX grat_gix ON grat USING GIST (geom);
ALTER TABLE grat ADD COLUMN psuitable numeric(3);
'
conn=0x136123b0, PGAPI_DriverConnect( in)='DSN=brant', fDriverCompletion=0
DSN info: DSN='brant',server='postgis',port='',dbase='brant',user='docker',passwd='xxxxx'
          onlyread='0',protocol='8.2.5',showoid='',fakeoidindex='',showsystable=''
          conn_settings='(null)', conn_encoding='(null)'
          translation_dll='',translation_option=''
Driver Version='09.03.0300,201405140001'
Global Options: fetch=100, socket=4096, unknown_sizes=0, max_varchar_size=255, max_longvarchar_size=8190
                disable_optimizer=0, ksqo=1, unique_index=1, use_declarefetch=0
                text_as_longvarchar=1, unknowns_as_longvarchar=0, bools_as_char=1 NAMEDATALEN=64
                extra_systable_prefixes='dd_;', conn_settings='(null)' conn_encoding=''
conn=0x136123b0, query=' '
conn=0x136123b0, query='select version()'
    [ fetched 1 rows ]
    [ PostgreSQL version string = 'PostgreSQL 9.5.5 on x86_64-pc-linux-gnu, compiled by gcc (Debian 4.9.2-10) 4.9.2, 64-bit' ]
    [ PostgreSQL version number = '9.5' ]
conn=0x136123b0, query='set DateStyle to 'ISO''
conn=0x136123b0, query='set extra_float_digits to 2'
conn=0x136123b0, query='select oid, typbasetype from pg_type where typname = 'lo''
    [ fetched 0 rows ]
    [ Large Object oid = -999 ]
conn=0x136123b0, query='select pg_client_encoding()'
    [ fetched 1 rows ]
    [ Client encoding = 'SQL_ASCII' (code = 0) ]
conn=0x136123b0, PGAPI_DriverConnect(out)='DSN=brant;DATABASE=brant;SERVER=postgis;PORT=5432;UID=docker;PWD=docker;SSLmode=disable;ReadOnly=0;Protocol=8.2.5;FakeOidIndex=0;ShowOidColumn=0;RowVersioning=0;ShowSystemTables=0;ConnSettings=;Fetch=100;Socket=4096;UnknownSizes=0;MaxVarcharSize=255;MaxLongVarcharSize=8190;Debug=0;CommLog=1;Optimizer=0;Ksqo=1;UseDeclareFetch=0;TextAsLongVarchar=1;UnknownsAsLongVarchar=0;BoolsAsChar=1;Parse=0;CancelAsFreeStmt=0;ExtraSysTablePrefixes=dd_;;LFConversion=0;UpdatableCursors=1;DisallowPremature=0;TrueIsMinus1=0;BI=0;ByteaAsLongVarBinary=0;UseServerSidePrepare=1;LowerCaseIdentifier=0;'
conn=0x136123b0, query='create extension postgis'
ERROR from backend during send_query: 'ERROR:  extension "postgis" already exists'
STATEMENT ERROR: func=SC_execute, desc='(null)', errnum=7, errmsg='Error while executing the query'
                 ------------------------------------------------------------
                 hdbc=0x136123b0, stmt=0x518f880, result=0x13551670
                 prepare=2, internal=0
                 bindings=(nil), bindings_allocated=0
                 parameters=(nil), parameters_allocated=0
                 statement_type=5, statement='create extension postgis'
                 stmt_with_params='create extension postgis'
                 data_at_exec=-1, current_exec_param=-1, put_data=0
                 currTuple=-1, current_col=-1, lobj_fd=-1
                 maxRows=0, rowset_size=1, keyset_size=0, cursor_type=0, scroll_concurrency=1
                 cursor_name='SQL_CUR0x518f880'
                 ----------------QResult Info -------------------------------
                 fields=0x965d9c0, backend_tuples=(nil), tupleField=0, conn=(nil)
                 fetch_count=0, num_total_rows=0, num_fields=0, cursor='(NULL)'
                 message='ERROR:  extension "postgis" already exists', command='(NULL)', notice='(NULL)'
                 status=7, inTuples=0
CONN ERROR: func=SC_execute, desc='(null)', errnum=110, errmsg='ERROR:  extension "postgis" already exists'
            ------------------------------------------------------------
            henv=0xbc9cbb0, conn=0x136123b0, status=1, num_stmts=16
            sock=0x371e140, stmts=0x13298060, lobj_type=-999
            ---------------- Socket Info -------------------------------
            socket=20, reverse=0, errornumber=0, errormsg='(NULL)'
            buffer_in=278711040, buffer_out=327504400
            buffer_filled_in=1, buffer_filled_out=0, buffer_read_in=1
conn=0x136123b0, query='create extension plr'
ERROR from backend during send_query: 'ERROR:  extension "plr" already exists'
STATEMENT ERROR: func=SC_execute, desc='(null)', errnum=7, errmsg='Error while executing the query'
                 ------------------------------------------------------------
                 hdbc=0x136123b0, stmt=0x13d38c40, result=0x137ae7f0
                 prepare=2, internal=0
                 bindings=(nil), bindings_allocated=0
                 parameters=(nil), parameters_allocated=0
                 statement_type=5, statement='create extension plr'
                 stmt_with_params='create extension plr'
                 data_at_exec=-1, current_exec_param=-1, put_data=0
                 currTuple=-1, current_col=-1, lobj_fd=-1
                 maxRows=0, rowset_size=1, keyset_size=0, cursor_type=0, scroll_concurrency=1
                 cursor_name='SQL_CUR0x13d38c40'
                 ----------------QResult Info -------------------------------
                 fields=0x8797550, backend_tuples=(nil), tupleField=0, conn=(nil)
                 fetch_count=0, num_total_rows=0, num_fields=0, cursor='(NULL)'
                 message='ERROR:  extension "plr" already exists', command='(NULL)', notice='(NULL)'
                 status=7, inTuples=0
CONN ERROR: func=SC_execute, desc='(null)', errnum=110, errmsg='ERROR:  extension "postgis" already exists'
            ------------------------------------------------------------
            henv=0xbc9cbb0, conn=0x136123b0, status=1, num_stmts=16
            sock=0x371e140, stmts=0x13298060, lobj_type=-999
            ---------------- Socket Info -------------------------------
            socket=20, reverse=0, errornumber=0, errormsg='(NULL)'
            buffer_in=278711040, buffer_out=327504400
            buffer_filled_in=1, buffer_filled_out=0, buffer_read_in=1
conn=0x134439f0, PGAPI_DriverConnect( in)='DSN=brant', fDriverCompletion=0
DSN info: DSN='brant',server='postgis',port='',dbase='brant',user='docker',passwd='xxxxx'
          onlyread='0',protocol='8.2.5',showoid='',fakeoidindex='',showsystable=''
          conn_settings='(null)', conn_encoding='(null)'
          translation_dll='',translation_option=''
Driver Version='09.03.0300,201405140001'
Global Options: fetch=100, socket=4096, unknown_sizes=0, max_varchar_size=255, max_longvarchar_size=8190
                disable_optimizer=0, ksqo=1, unique_index=1, use_declarefetch=0
                text_as_longvarchar=1, unknowns_as_longvarchar=0, bools_as_char=1 NAMEDATALEN=64
                extra_systable_prefixes='dd_;', conn_settings='(null)' conn_encoding=''
conn=0x134439f0, query=' '
conn=0x134439f0, query='select version()'
    [ fetched 1 rows ]
    [ PostgreSQL version string = 'PostgreSQL 9.5.5 on x86_64-pc-linux-gnu, compiled by gcc (Debian 4.9.2-10) 4.9.2, 64-bit' ]
    [ PostgreSQL version number = '9.5' ]
conn=0x134439f0, query='set DateStyle to 'ISO''
conn=0x134439f0, query='set extra_float_digits to 2'
conn=0x134439f0, query='select oid, typbasetype from pg_type where typname = 'lo''
    [ fetched 0 rows ]
    [ Large Object oid = -999 ]
conn=0x134439f0, query='select pg_client_encoding()'
    [ fetched 1 rows ]
    [ Client encoding = 'SQL_ASCII' (code = 0) ]
conn=0x134439f0, PGAPI_DriverConnect(out)='DSN=brant;DATABASE=brant;SERVER=postgis;PORT=5432;UID=docker;PWD=docker;SSLmode=disable;ReadOnly=0;Protocol=8.2.5;FakeOidIndex=0;ShowOidColumn=0;RowVersioning=0;ShowSystemTables=0;ConnSettings=;Fetch=100;Socket=4096;UnknownSizes=0;MaxVarcharSize=255;MaxLongVarcharSize=8190;Debug=0;CommLog=1;Optimizer=0;Ksqo=1;UseDeclareFetch=0;TextAsLongVarchar=1;UnknownsAsLongVarchar=0;BoolsAsChar=1;Parse=0;CancelAsFreeStmt=0;ExtraSysTablePrefixes=dd_;;LFConversion=0;UpdatableCursors=1;DisallowPremature=0;TrueIsMinus1=0;BI=0;ByteaAsLongVarBinary=0;UseServerSidePrepare=1;LowerCaseIdentifier=0;'
conn=0x134439f0, query='CREATE OR REPLACE FUNCTION median (float[]) RETURNS float AS '
x<-arg1
x<-as.numeric(as.character(x))
x<-na.omit(x)
median(x,na.rm=TRUE)'
LANGUAGE 'plr' STRICT;

CREATE OR REPLACE FUNCTION q10 (float[]) RETURNS float AS '
x<-arg1
x<-as.numeric(as.character(x))
x<-na.omit(x)
quantile(x,0.1,na.rm=TRUE)'
LANGUAGE 'plr' STRICT;

CREATE OR REPLACE FUNCTION q90 (float[]) RETURNS float AS '
x<-arg1
x<-as.numeric(as.character(x))
x<-na.omit(x)
quantile(x,0.9,na.rm=TRUE)'
LANGUAGE 'plr' STRICT;

CREATE OR REPLACE FUNCTION q75 (float[]) RETURNS float AS '
x<-arg1
x<-as.numeric(as.character(x))
x<-na.omit(x)
quantile(x,0.75,na.rm=TRUE)'
LANGUAGE 'plr' STRICT;

CREATE OR REPLACE FUNCTION q25 (float[]) RETURNS float AS '
x<-arg1
x<-as.numeric(as.character(x))
x<-na.omit(x)
quantile(x,0.25,na.rm=TRUE)'
LANGUAGE 'plr' STRICT;

CREATE OR REPLACE FUNCTION minimum (float[]) RETURNS float AS '
x<-arg1
x<-as.numeric(as.character(x))
x<-na.omit(x)
min(x,na.rm=TRUE)'
LANGUAGE 'plr' STRICT;

CREATE OR REPLACE FUNCTION maximum (float[]) RETURNS float AS '
x<-arg1
x<-as.numeric(as.character(x))
x<-na.omit(x)
max(x,na.rm=TRUE)'
LANGUAGE 'plr' STRICT;

CREATE OR REPLACE FUNCTION mean (float[]) RETURNS float AS '
x<-arg1
x<-as.numeric(as.character(x))
x<-na.omit(x)
mean(x,na.rm=TRUE)'
LANGUAGE 'plr' STRICT;

CREATE OR REPLACE FUNCTION sd (float[]) RETURNS float AS '
x<-arg1
x<-as.numeric(as.character(x))
x<-na.omit(x)
sd(x,na.rm=TRUE)'
LANGUAGE 'plr' STRICT;

CREATE OR REPLACE FUNCTION se (float[]) RETURNS float AS '
x<-arg1
x<-as.numeric(as.character(x))
x<-na.omit(x)
sd(x,na.rm=TRUE)/sqrt(length(x))'
LANGUAGE 'plr' STRICT;

CREATE OR REPLACE FUNCTION length (float[]) RETURNS float AS '
x<-arg1
x<-as.numeric(as.character(x))
x<-na.omit(x)
length(x)'
LANGUAGE 'plr' STRICT;

CREATE OR REPLACE FUNCTION PSuitable (float[],float[],float,float,float) RETURNS float AS '
x<-arg1
q<-arg2
depth<-arg3
ht<-arg4
tide<-arg5
depth<-depth+tide
x2<-q[x>=depth&x<=ht]
x2<-max(x2)-min(x2)
if(is.na(x2))x2<-0
if(x2==-Inf)x2<-0
x2'
LANGUAGE 'plr' STRICT;

'
conn=0x13c5e950, PGAPI_DriverConnect( in)='DSN=brant', fDriverCompletion=0
DSN info: DSN='brant',server='postgis',port='',dbase='brant',user='docker',passwd='xxxxx'
          onlyread='0',protocol='8.2.5',showoid='',fakeoidindex='',showsystable=''
          conn_settings='(null)', conn_encoding='(null)'
          translation_dll='',translation_option=''
Driver Version='09.03.0300,201405140001'
Global Options: fetch=100, socket=4096, unknown_sizes=0, max_varchar_size=255, max_longvarchar_size=8190
                disable_optimizer=0, ksqo=1, unique_index=1, use_declarefetch=0
                text_as_longvarchar=1, unknowns_as_longvarchar=0, bools_as_char=1 NAMEDATALEN=64
                extra_systable_prefixes='dd_;', conn_settings='(null)' conn_encoding=''
conn=0x13c5e950, query=' '
conn=0x13c5e950, query='select version()'
    [ fetched 1 rows ]
    [ PostgreSQL version string = 'PostgreSQL 9.5.5 on x86_64-pc-linux-gnu, compiled by gcc (Debian 4.9.2-10) 4.9.2, 64-bit' ]
    [ PostgreSQL version number = '9.5' ]
conn=0x13c5e950, query='set DateStyle to 'ISO''
conn=0x13c5e950, query='set extra_float_digits to 2'
conn=0x13c5e950, query='select oid, typbasetype from pg_type where typname = 'lo''
    [ fetched 0 rows ]
    [ Large Object oid = -999 ]
conn=0x13c5e950, query='select pg_client_encoding()'
    [ fetched 1 rows ]
    [ Client encoding = 'SQL_ASCII' (code = 0) ]
conn=0x13c5e950, PGAPI_DriverConnect(out)='DSN=brant;DATABASE=brant;SERVER=postgis;PORT=5432;UID=docker;PWD=docker;SSLmode=disable;ReadOnly=0;Protocol=8.2.5;FakeOidIndex=0;ShowOidColumn=0;RowVersioning=0;ShowSystemTables=0;ConnSettings=;Fetch=100;Socket=4096;UnknownSizes=0;MaxVarcharSize=255;MaxLongVarcharSize=8190;Debug=0;CommLog=1;Optimizer=0;Ksqo=1;UseDeclareFetch=0;TextAsLongVarchar=1;UnknownsAsLongVarchar=0;BoolsAsChar=1;Parse=0;CancelAsFreeStmt=0;ExtraSysTablePrefixes=dd_;;LFConversion=0;UpdatableCursors=1;DisallowPremature=0;TrueIsMinus1=0;BI=0;ByteaAsLongVarBinary=0;UseServerSidePrepare=1;LowerCaseIdentifier=0;'
conn=0x13c5e950, query='
drop table if exists grat;
create table grat as
select s.* from
(select
geom,
st_area(geom)/1000000 areakm2,
minimum(vals) min,
q10(vals) q10,
q25(vals) q25,
median(vals) median,
mean(vals) mean,
q75(vals) q75,
q90(vals) q90,
maximum(vals) max
from
(select st_envelope(st_tile(rast,30,39)) geom,
 st_tile(rast,30,39) rast,
 (st_dumpvalues(st_tile(rast,30,39))).valarray vals
  from dem) d
) s
where min>-10 and max < 10 and min <1000000000000;'
conn=0x13c5e950, query='
ALTER TABLE grat ADD COLUMN rid BIGSERIAL PRIMARY KEY;
CREATE INDEX grat_gix ON grat USING GIST (geom);
ALTER TABLE grat ADD COLUMN psuitable numeric(3);
'
conn=0x13c14610, PGAPI_DriverConnect( in)='DSN=brant', fDriverCompletion=0
DSN info: DSN='brant',server='postgis',port='',dbase='brant',user='docker',passwd='xxxxx'
          onlyread='0',protocol='8.2.5',showoid='',fakeoidindex='',showsystable=''
          conn_settings='(null)', conn_encoding='(null)'
          translation_dll='',translation_option=''
Driver Version='09.03.0300,201405140001'
Global Options: fetch=100, socket=4096, unknown_sizes=0, max_varchar_size=255, max_longvarchar_size=8190
                disable_optimizer=0, ksqo=1, unique_index=1, use_declarefetch=0
                text_as_longvarchar=1, unknowns_as_longvarchar=0, bools_as_char=1 NAMEDATALEN=64
                extra_systable_prefixes='dd_;', conn_settings='(null)' conn_encoding=''
conn=0x13c14610, query=' '
conn=0x13c14610, query='select version()'
    [ fetched 1 rows ]
    [ PostgreSQL version string = 'PostgreSQL 9.5.5 on x86_64-pc-linux-gnu, compiled by gcc (Debian 4.9.2-10) 4.9.2, 64-bit' ]
    [ PostgreSQL version number = '9.5' ]
conn=0x13c14610, query='set DateStyle to 'ISO''
conn=0x13c14610, query='set extra_float_digits to 2'
conn=0x13c14610, query='select oid, typbasetype from pg_type where typname = 'lo''
    [ fetched 0 rows ]
    [ Large Object oid = -999 ]
conn=0x13c14610, query='select pg_client_encoding()'
    [ fetched 1 rows ]
    [ Client encoding = 'SQL_ASCII' (code = 0) ]
conn=0x13c14610, PGAPI_DriverConnect(out)='DSN=brant;DATABASE=brant;SERVER=postgis;PORT=5432;UID=docker;PWD=docker;SSLmode=disable;ReadOnly=0;Protocol=8.2.5;FakeOidIndex=0;ShowOidColumn=0;RowVersioning=0;ShowSystemTables=0;ConnSettings=;Fetch=100;Socket=4096;UnknownSizes=0;MaxVarcharSize=255;MaxLongVarcharSize=8190;Debug=0;CommLog=1;Optimizer=0;Ksqo=1;UseDeclareFetch=0;TextAsLongVarchar=1;UnknownsAsLongVarchar=0;BoolsAsChar=1;Parse=0;CancelAsFreeStmt=0;ExtraSysTablePrefixes=dd_;;LFConversion=0;UpdatableCursors=1;DisallowPremature=0;TrueIsMinus1=0;BI=0;ByteaAsLongVarBinary=0;UseServerSidePrepare=1;LowerCaseIdentifier=0;'
conn=0x13c14610, query='update grat set psuitable = PSuitable(array[min,q10,q25,median,q75,q90,max],array[0,10,25,50,75,90,100],-0.5,1,0);'
conn=0x133036d0, PGAPI_DriverConnect( in)='DSN=brant', fDriverCompletion=0
DSN info: DSN='brant',server='postgis',port='',dbase='brant',user='docker',passwd='xxxxx'
          onlyread='0',protocol='8.2.5',showoid='',fakeoidindex='',showsystable=''
          conn_settings='(null)', conn_encoding='(null)'
          translation_dll='',translation_option=''
Driver Version='09.03.0300,201405140001'
Global Options: fetch=100, socket=4096, unknown_sizes=0, max_varchar_size=255, max_longvarchar_size=8190
                disable_optimizer=0, ksqo=1, unique_index=1, use_declarefetch=0
                text_as_longvarchar=1, unknowns_as_longvarchar=0, bools_as_char=1 NAMEDATALEN=64
                extra_systable_prefixes='dd_;', conn_settings='(null)' conn_encoding=''
conn=0x133036d0, query=' '
conn=0x133036d0, query='select version()'
    [ fetched 1 rows ]
    [ PostgreSQL version string = 'PostgreSQL 9.5.5 on x86_64-pc-linux-gnu, compiled by gcc (Debian 4.9.2-10) 4.9.2, 64-bit' ]
    [ PostgreSQL version number = '9.5' ]
conn=0x133036d0, query='set DateStyle to 'ISO''
conn=0x133036d0, query='set extra_float_digits to 2'
conn=0x133036d0, query='select oid, typbasetype from pg_type where typname = 'lo''
    [ fetched 0 rows ]
    [ Large Object oid = -999 ]
conn=0x133036d0, query='select pg_client_encoding()'
    [ fetched 1 rows ]
    [ Client encoding = 'SQL_ASCII' (code = 0) ]
conn=0x133036d0, PGAPI_DriverConnect(out)='DSN=brant;DATABASE=brant;SERVER=postgis;PORT=5432;UID=docker;PWD=docker;SSLmode=disable;ReadOnly=0;Protocol=8.2.5;FakeOidIndex=0;ShowOidColumn=0;RowVersioning=0;ShowSystemTables=0;ConnSettings=;Fetch=100;Socket=4096;UnknownSizes=0;MaxVarcharSize=255;MaxLongVarcharSize=8190;Debug=0;CommLog=1;Optimizer=0;Ksqo=1;UseDeclareFetch=0;TextAsLongVarchar=1;UnknownsAsLongVarchar=0;BoolsAsChar=1;Parse=0;CancelAsFreeStmt=0;ExtraSysTablePrefixes=dd_;;LFConversion=0;UpdatableCursors=1;DisallowPremature=0;TrueIsMinus1=0;BI=0;ByteaAsLongVarBinary=0;UseServerSidePrepare=1;LowerCaseIdentifier=0;'
conn=0x133036d0, query='create table tmp as
select g.*,
med median_dem,
mn mean_dem
from 
grat g,
(select 
t2.rid,
median((st_dumpvalues(st_union(st_clip(rast,geom)))).valarray) med,
mean((st_dumpvalues(st_union(st_clip(rast,geom)))).valarray) mn
from dem t,
(select * from grat) t2
where st_intersects(rast,geom)
group by t2.rid) s
where s.rid=g.rid;
drop table grat;
ALTER TABLE tmp RENAME TO grat;
CREATE INDEX grat_gix ON grat USING GIST (geom);'
conn=0x13d62c50, PGAPI_DriverConnect( in)='DSN=brant', fDriverCompletion=0
DSN info: DSN='brant',server='postgis',port='',dbase='brant',user='docker',passwd='xxxxx'
          onlyread='0',protocol='8.2.5',showoid='',fakeoidindex='',showsystable=''
          conn_settings='(null)', conn_encoding='(null)'
          translation_dll='',translation_option=''
Driver Version='09.03.0300,201405140001'
Global Options: fetch=100, socket=4096, unknown_sizes=0, max_varchar_size=255, max_longvarchar_size=8190
                disable_optimizer=0, ksqo=1, unique_index=1, use_declarefetch=0
                text_as_longvarchar=1, unknowns_as_longvarchar=0, bools_as_char=1 NAMEDATALEN=64
                extra_systable_prefixes='dd_;', conn_settings='(null)' conn_encoding=''
conn=0x13d62c50, query=' '
conn=0x13d62c50, query='select version()'
    [ fetched 1 rows ]
    [ PostgreSQL version string = 'PostgreSQL 9.5.5 on x86_64-pc-linux-gnu, compiled by gcc (Debian 4.9.2-10) 4.9.2, 64-bit' ]
    [ PostgreSQL version number = '9.5' ]
conn=0x13d62c50, query='set DateStyle to 'ISO''
conn=0x13d62c50, query='set extra_float_digits to 2'
conn=0x13d62c50, query='select oid, typbasetype from pg_type where typname = 'lo''
    [ fetched 0 rows ]
    [ Large Object oid = -999 ]
conn=0x13d62c50, query='select pg_client_encoding()'
    [ fetched 1 rows ]
    [ Client encoding = 'SQL_ASCII' (code = 0) ]
conn=0x13d62c50, PGAPI_DriverConnect(out)='DSN=brant;DATABASE=brant;SERVER=postgis;PORT=5432;UID=docker;PWD=docker;SSLmode=disable;ReadOnly=0;Protocol=8.2.5;FakeOidIndex=0;ShowOidColumn=0;RowVersioning=0;ShowSystemTables=0;ConnSettings=;Fetch=100;Socket=4096;UnknownSizes=0;MaxVarcharSize=255;MaxLongVarcharSize=8190;Debug=0;CommLog=1;Optimizer=0;Ksqo=1;UseDeclareFetch=0;TextAsLongVarchar=1;UnknownsAsLongVarchar=0;BoolsAsChar=1;Parse=0;CancelAsFreeStmt=0;ExtraSysTablePrefixes=dd_;;LFConversion=0;UpdatableCursors=1;DisallowPremature=0;TrueIsMinus1=0;BI=0;ByteaAsLongVarBinary=0;UseServerSidePrepare=1;LowerCaseIdentifier=0;'
conn=0x13d62c50, query='
drop table if exists tmp;
create table tmp as
select gg.*,s.tide from
grat gg,
(select g.rid,min(tide) tide from 
grat g,
tide_regime t
where st_intersects(t.geom,g.geom)
group by rid,g.geom) s
where s.rid=gg.rid;
drop table grat;
ALTER TABLE tmp RENAME TO grat;
CREATE INDEX grat_gix ON grat USING GIST (geom);'
NOTICE from backend during send_query: 'NOTICE:  table "tmp" does not exist, skipping'
conn=0x10b1d160, PGAPI_DriverConnect( in)='DSN=brant', fDriverCompletion=0
DSN info: DSN='brant',server='postgis',port='',dbase='brant',user='docker',passwd='xxxxx'
          onlyread='0',protocol='8.2.5',showoid='',fakeoidindex='',showsystable=''
          conn_settings='(null)', conn_encoding='(null)'
          translation_dll='',translation_option=''
Driver Version='09.03.0300,201405140001'
Global Options: fetch=100, socket=4096, unknown_sizes=0, max_varchar_size=255, max_longvarchar_size=8190
                disable_optimizer=0, ksqo=1, unique_index=1, use_declarefetch=0
                text_as_longvarchar=1, unknowns_as_longvarchar=0, bools_as_char=1 NAMEDATALEN=64
                extra_systable_prefixes='dd_;', conn_settings='(null)' conn_encoding=''
conn=0x10b1d160, query=' '
conn=0x10b1d160, query='select version()'
    [ fetched 1 rows ]
    [ PostgreSQL version string = 'PostgreSQL 9.5.5 on x86_64-pc-linux-gnu, compiled by gcc (Debian 4.9.2-10) 4.9.2, 64-bit' ]
    [ PostgreSQL version number = '9.5' ]
conn=0x10b1d160, query='set DateStyle to 'ISO''
conn=0x10b1d160, query='set extra_float_digits to 2'
conn=0x10b1d160, query='select oid, typbasetype from pg_type where typname = 'lo''
    [ fetched 0 rows ]
    [ Large Object oid = -999 ]
conn=0x10b1d160, query='select pg_client_encoding()'
    [ fetched 1 rows ]
    [ Client encoding = 'SQL_ASCII' (code = 0) ]
conn=0x10b1d160, PGAPI_DriverConnect(out)='DSN=brant;DATABASE=brant;SERVER=postgis;PORT=5432;UID=docker;PWD=docker;SSLmode=disable;ReadOnly=0;Protocol=8.2.5;FakeOidIndex=0;ShowOidColumn=0;RowVersioning=0;ShowSystemTables=0;ConnSettings=;Fetch=100;Socket=4096;UnknownSizes=0;MaxVarcharSize=255;MaxLongVarcharSize=8190;Debug=0;CommLog=1;Optimizer=0;Ksqo=1;UseDeclareFetch=0;TextAsLongVarchar=1;UnknownsAsLongVarchar=0;BoolsAsChar=1;Parse=0;CancelAsFreeStmt=0;ExtraSysTablePrefixes=dd_;;LFConversion=0;UpdatableCursors=1;DisallowPremature=0;TrueIsMinus1=0;BI=0;ByteaAsLongVarBinary=0;UseServerSidePrepare=1;LowerCaseIdentifier=0;'
conn=0x10b1d160, query='create view temp_view as select * from grat'
conn=0x13d62c50, PGAPI_Disconnect
conn=0x133036d0, PGAPI_Disconnect
conn=0x13c14610, PGAPI_Disconnect
conn=0x13c5e950, PGAPI_Disconnect
conn=0x134439f0, PGAPI_Disconnect
conn=0x136123b0, PGAPI_Disconnect
conn=0x10d5d2d0, PGAPI_Disconnect
conn=0x50b0ce0, PGAPI_Disconnect
conn=0x518b480, PGAPI_Disconnect
conn=0x10b1d160, query='drop view temp_view'
conn=0x10b1d160, PGAPI_Disconnect
conn=0x13c317b0, PGAPI_DriverConnect( in)='DSN=brant', fDriverCompletion=0
DSN info: DSN='brant',server='postgis',port='',dbase='brant',user='docker',passwd='xxxxx'
          onlyread='0',protocol='8.2.5',showoid='',fakeoidindex='',showsystable=''
          conn_settings='(null)', conn_encoding='(null)'
          translation_dll='',translation_option=''
Driver Version='09.03.0300,201405140001'
Global Options: fetch=100, socket=4096, unknown_sizes=0, max_varchar_size=255, max_longvarchar_size=8190
                disable_optimizer=0, ksqo=1, unique_index=1, use_declarefetch=0
                text_as_longvarchar=1, unknowns_as_longvarchar=0, bools_as_char=1 NAMEDATALEN=64
                extra_systable_prefixes='dd_;', conn_settings='(null)' conn_encoding=''
conn=0x13c317b0, query=' '
conn=0x13c317b0, query='select version()'
    [ fetched 1 rows ]
    [ PostgreSQL version string = 'PostgreSQL 9.5.5 on x86_64-pc-linux-gnu, compiled by gcc (Debian 4.9.2-10) 4.9.2, 64-bit' ]
    [ PostgreSQL version number = '9.5' ]
conn=0x13c317b0, query='set DateStyle to 'ISO''
conn=0x13c317b0, query='set extra_float_digits to 2'
conn=0x13c317b0, query='select oid, typbasetype from pg_type where typname = 'lo''
    [ fetched 0 rows ]
    [ Large Object oid = -999 ]
conn=0x13c317b0, query='select pg_client_encoding()'
    [ fetched 1 rows ]
    [ Client encoding = 'SQL_ASCII' (code = 0) ]
conn=0x13c317b0, PGAPI_DriverConnect(out)='DSN=brant;DATABASE=brant;SERVER=postgis;PORT=5432;UID=docker;PWD=docker;SSLmode=disable;ReadOnly=0;Protocol=8.2.5;FakeOidIndex=0;ShowOidColumn=0;RowVersioning=0;ShowSystemTables=0;ConnSettings=;Fetch=100;Socket=4096;UnknownSizes=0;MaxVarcharSize=255;MaxLongVarcharSize=8190;Debug=0;CommLog=1;Optimizer=0;Ksqo=1;UseDeclareFetch=0;TextAsLongVarchar=1;UnknownsAsLongVarchar=0;BoolsAsChar=1;Parse=0;CancelAsFreeStmt=0;ExtraSysTablePrefixes=dd_;;LFConversion=0;UpdatableCursors=1;DisallowPremature=0;TrueIsMinus1=0;BI=0;ByteaAsLongVarBinary=0;UseServerSidePrepare=1;LowerCaseIdentifier=0;'
conn=0x12cd17f0, PGAPI_Disconnect
conn=0x13c317b0, query='
drop table if exists tides;
create table tides
(
station integer,
time timestamp,
ht float
);'
NOTICE from backend during send_query: 'NOTICE:  table "tides" does not exist, skipping'
conn=0x13c317b0, query='select extract(hour from time) hr,* from tides WHERE time >= '2016-01-01'
AND time < '2016-02-02' order by hr'
    [ fetched 4602 rows ]
conn=0x1339a310, PGAPI_DriverConnect( in)='DSN=brant', fDriverCompletion=0
DSN info: DSN='brant',server='postgis',port='',dbase='brant',user='docker',passwd='xxxxx'
          onlyread='0',protocol='8.2.5',showoid='',fakeoidindex='',showsystable=''
          conn_settings='(null)', conn_encoding='(null)'
          translation_dll='',translation_option=''
Driver Version='09.03.0300,201405140001'
Global Options: fetch=100, socket=4096, unknown_sizes=0, max_varchar_size=255, max_longvarchar_size=8190
                disable_optimizer=0, ksqo=1, unique_index=1, use_declarefetch=0
                text_as_longvarchar=1, unknowns_as_longvarchar=0, bools_as_char=1 NAMEDATALEN=64
                extra_systable_prefixes='dd_;', conn_settings='(null)' conn_encoding=''
conn=0x1339a310, query=' '
conn=0x1339a310, query='select version()'
    [ fetched 1 rows ]
    [ PostgreSQL version string = 'PostgreSQL 9.5.5 on x86_64-pc-linux-gnu, compiled by gcc (Debian 4.9.2-10) 4.9.2, 64-bit' ]
    [ PostgreSQL version number = '9.5' ]
conn=0x1339a310, query='set DateStyle to 'ISO''
conn=0x1339a310, query='set extra_float_digits to 2'
conn=0x1339a310, query='select oid, typbasetype from pg_type where typname = 'lo''
    [ fetched 0 rows ]
    [ Large Object oid = -999 ]
conn=0x1339a310, query='select pg_client_encoding()'
    [ fetched 1 rows ]
    [ Client encoding = 'SQL_ASCII' (code = 0) ]
conn=0x1339a310, PGAPI_DriverConnect(out)='DSN=brant;DATABASE=brant;SERVER=postgis;PORT=5432;UID=docker;PWD=docker;SSLmode=disable;ReadOnly=0;Protocol=8.2.5;FakeOidIndex=0;ShowOidColumn=0;RowVersioning=0;ShowSystemTables=0;ConnSettings=;Fetch=100;Socket=4096;UnknownSizes=0;MaxVarcharSize=255;MaxLongVarcharSize=8190;Debug=0;CommLog=1;Optimizer=0;Ksqo=1;UseDeclareFetch=0;TextAsLongVarchar=1;UnknownsAsLongVarchar=0;BoolsAsChar=1;Parse=0;CancelAsFreeStmt=0;ExtraSysTablePrefixes=dd_;;LFConversion=0;UpdatableCursors=1;DisallowPremature=0;TrueIsMinus1=0;BI=0;ByteaAsLongVarBinary=0;UseServerSidePrepare=1;LowerCaseIdentifier=0;'
conn=0x13c317b0, PGAPI_Disconnect
conn=0x1339a310, query='
drop table if exists tides;
create table tides
(
station integer,
name varchar(6),
time timestamp,
ht float
);'
conn=0x1339a310, query='select extract(hour from time) hr,* from tides WHERE time >= '2016-01-01'
AND time < '2016-02-02' order by hr'
    [ fetched 3835 rows ]
