conn=0x41692a0, PGAPI_DriverConnect( in)='DSN=brant', fDriverCompletion=0
DSN info: DSN='brant',server='postgis',port='',dbase='brant',user='docker',passwd='xxxxx'
          onlyread='0',protocol='8.2.5',showoid='',fakeoidindex='',showsystable=''
          conn_settings='(null)', conn_encoding='(null)'
          translation_dll='',translation_option=''
Driver Version='09.03.0300,201405140001'
Global Options: fetch=100, socket=4096, unknown_sizes=0, max_varchar_size=255, max_longvarchar_size=8190
                disable_optimizer=0, ksqo=1, unique_index=1, use_declarefetch=0
                text_as_longvarchar=1, unknowns_as_longvarchar=0, bools_as_char=1 NAMEDATALEN=64
                extra_systable_prefixes='dd_;', conn_settings='(null)' conn_encoding=''
conn=0x41692a0, query=' '
conn=0x41692a0, query='select version()'
    [ fetched 1 rows ]
    [ PostgreSQL version string = 'PostgreSQL 9.5.5 on x86_64-pc-linux-gnu, compiled by gcc (Debian 4.9.2-10) 4.9.2, 64-bit' ]
    [ PostgreSQL version number = '9.5' ]
conn=0x41692a0, query='set DateStyle to 'ISO''
conn=0x41692a0, query='set extra_float_digits to 2'
conn=0x41692a0, query='select oid, typbasetype from pg_type where typname = 'lo''
    [ fetched 0 rows ]
    [ Large Object oid = -999 ]
conn=0x41692a0, query='select pg_client_encoding()'
    [ fetched 1 rows ]
    [ Client encoding = 'SQL_ASCII' (code = 0) ]
conn=0x41692a0, PGAPI_DriverConnect(out)='DSN=brant;DATABASE=brant;SERVER=postgis;PORT=5432;UID=docker;PWD=docker;SSLmode=disable;ReadOnly=0;Protocol=8.2.5;FakeOidIndex=0;ShowOidColumn=0;RowVersioning=0;ShowSystemTables=0;ConnSettings=;Fetch=100;Socket=4096;UnknownSizes=0;MaxVarcharSize=255;MaxLongVarcharSize=8190;Debug=0;CommLog=1;Optimizer=0;Ksqo=1;UseDeclareFetch=0;TextAsLongVarchar=1;UnknownsAsLongVarchar=0;BoolsAsChar=1;Parse=0;CancelAsFreeStmt=0;ExtraSysTablePrefixes=dd_;;LFConversion=0;UpdatableCursors=1;DisallowPremature=0;TrueIsMinus1=0;BI=0;ByteaAsLongVarBinary=0;UseServerSidePrepare=1;LowerCaseIdentifier=0;'
conn=0x41692a0, query='create extension postgis'
conn=0x41692a0, query='create extension plr'
conn=0x44fa6e0, PGAPI_DriverConnect( in)='DSN=brant', fDriverCompletion=0
DSN info: DSN='brant',server='postgis',port='',dbase='brant',user='docker',passwd='xxxxx'
          onlyread='0',protocol='8.2.5',showoid='',fakeoidindex='',showsystable=''
          conn_settings='(null)', conn_encoding='(null)'
          translation_dll='',translation_option=''
Driver Version='09.03.0300,201405140001'
Global Options: fetch=100, socket=4096, unknown_sizes=0, max_varchar_size=255, max_longvarchar_size=8190
                disable_optimizer=0, ksqo=1, unique_index=1, use_declarefetch=0
                text_as_longvarchar=1, unknowns_as_longvarchar=0, bools_as_char=1 NAMEDATALEN=64
                extra_systable_prefixes='dd_;', conn_settings='(null)' conn_encoding=''
conn=0x44fa6e0, query=' '
conn=0x44fa6e0, query='select version()'
    [ fetched 1 rows ]
    [ PostgreSQL version string = 'PostgreSQL 9.5.5 on x86_64-pc-linux-gnu, compiled by gcc (Debian 4.9.2-10) 4.9.2, 64-bit' ]
    [ PostgreSQL version number = '9.5' ]
conn=0x44fa6e0, query='set DateStyle to 'ISO''
conn=0x44fa6e0, query='set extra_float_digits to 2'
conn=0x44fa6e0, query='select oid, typbasetype from pg_type where typname = 'lo''
    [ fetched 0 rows ]
    [ Large Object oid = -999 ]
conn=0x44fa6e0, query='select pg_client_encoding()'
    [ fetched 1 rows ]
    [ Client encoding = 'SQL_ASCII' (code = 0) ]
conn=0x44fa6e0, PGAPI_DriverConnect(out)='DSN=brant;DATABASE=brant;SERVER=postgis;PORT=5432;UID=docker;PWD=docker;SSLmode=disable;ReadOnly=0;Protocol=8.2.5;FakeOidIndex=0;ShowOidColumn=0;RowVersioning=0;ShowSystemTables=0;ConnSettings=;Fetch=100;Socket=4096;UnknownSizes=0;MaxVarcharSize=255;MaxLongVarcharSize=8190;Debug=0;CommLog=1;Optimizer=0;Ksqo=1;UseDeclareFetch=0;TextAsLongVarchar=1;UnknownsAsLongVarchar=0;BoolsAsChar=1;Parse=0;CancelAsFreeStmt=0;ExtraSysTablePrefixes=dd_;;LFConversion=0;UpdatableCursors=1;DisallowPremature=0;TrueIsMinus1=0;BI=0;ByteaAsLongVarBinary=0;UseServerSidePrepare=1;LowerCaseIdentifier=0;'
conn=0x44fa6e0, query='CREATE OR REPLACE FUNCTION median (float[]) RETURNS float AS '
x<-arg1
x<-as.numeric(as.character(x))
x<-na.omit(x)
median(x,na.rm=TRUE)'
LANGUAGE 'plr' STRICT;

CREATE OR REPLACE FUNCTION q10 (float[]) RETURNS float AS '
x<-arg1
x<-as.numeric(as.character(x))
x<-na.omit(x)
quantile(x,0.1,na.rm=TRUE)'
LANGUAGE 'plr' STRICT;

CREATE OR REPLACE FUNCTION q90 (float[]) RETURNS float AS '
x<-arg1
x<-as.numeric(as.character(x))
x<-na.omit(x)
quantile(x,0.9,na.rm=TRUE)'
LANGUAGE 'plr' STRICT;

CREATE OR REPLACE FUNCTION q75 (float[]) RETURNS float AS '
x<-arg1
x<-as.numeric(as.character(x))
x<-na.omit(x)
quantile(x,0.75,na.rm=TRUE)'
LANGUAGE 'plr' STRICT;

CREATE OR REPLACE FUNCTION q25 (float[]) RETURNS float AS '
x<-arg1
x<-as.numeric(as.character(x))
x<-na.omit(x)
quantile(x,0.25,na.rm=TRUE)'
LANGUAGE 'plr' STRICT;

CREATE OR REPLACE FUNCTION minimum (float[]) RETURNS float AS '
x<-arg1
x<-as.numeric(as.character(x))
x<-na.omit(x)
min(x,na.rm=TRUE)'
LANGUAGE 'plr' STRICT;

CREATE OR REPLACE FUNCTION maximum (float[]) RETURNS float AS '
x<-arg1
x<-as.numeric(as.character(x))
x<-na.omit(x)
max(x,na.rm=TRUE)'
LANGUAGE 'plr' STRICT;

CREATE OR REPLACE FUNCTION mean (float[]) RETURNS float AS '
x<-arg1
x<-as.numeric(as.character(x))
x<-na.omit(x)
mean(x,na.rm=TRUE)'
LANGUAGE 'plr' STRICT;

CREATE OR REPLACE FUNCTION sd (float[]) RETURNS float AS '
x<-arg1
x<-as.numeric(as.character(x))
x<-na.omit(x)
sd(x,na.rm=TRUE)'
LANGUAGE 'plr' STRICT;

CREATE OR REPLACE FUNCTION se (float[]) RETURNS float AS '
x<-arg1
x<-as.numeric(as.character(x))
x<-na.omit(x)
sd(x,na.rm=TRUE)/sqrt(length(x))'
LANGUAGE 'plr' STRICT;

CREATE OR REPLACE FUNCTION length (float[]) RETURNS float AS '
x<-arg1
x<-as.numeric(as.character(x))
x<-na.omit(x)
length(x)'
LANGUAGE 'plr' STRICT;

CREATE OR REPLACE FUNCTION PSuitable (float[],float[],float,float,float) RETURNS float AS '
x<-arg1
q<-arg2
depth<-arg3
ht<-arg4
tide<-arg5
depth<-depth+tide
x2<-q[x>=depth&x<=ht]
x2<-max(x2)-min(x2)
if(is.na(x2))x2<-0
if(x2==-Inf)x2<-0
x2'
LANGUAGE 'plr' STRICT;

'
conn=0x4aa89f0, PGAPI_DriverConnect( in)='DSN=brant', fDriverCompletion=0
DSN info: DSN='brant',server='postgis',port='',dbase='brant',user='docker',passwd='xxxxx'
          onlyread='0',protocol='8.2.5',showoid='',fakeoidindex='',showsystable=''
          conn_settings='(null)', conn_encoding='(null)'
          translation_dll='',translation_option=''
Driver Version='09.03.0300,201405140001'
Global Options: fetch=100, socket=4096, unknown_sizes=0, max_varchar_size=255, max_longvarchar_size=8190
                disable_optimizer=0, ksqo=1, unique_index=1, use_declarefetch=0
                text_as_longvarchar=1, unknowns_as_longvarchar=0, bools_as_char=1 NAMEDATALEN=64
                extra_systable_prefixes='dd_;', conn_settings='(null)' conn_encoding=''
conn=0x4aa89f0, query=' '
conn=0x4aa89f0, query='select version()'
    [ fetched 1 rows ]
    [ PostgreSQL version string = 'PostgreSQL 9.5.5 on x86_64-pc-linux-gnu, compiled by gcc (Debian 4.9.2-10) 4.9.2, 64-bit' ]
    [ PostgreSQL version number = '9.5' ]
conn=0x4aa89f0, query='set DateStyle to 'ISO''
conn=0x4aa89f0, query='set extra_float_digits to 2'
conn=0x4aa89f0, query='select oid, typbasetype from pg_type where typname = 'lo''
    [ fetched 0 rows ]
    [ Large Object oid = -999 ]
conn=0x4aa89f0, query='select pg_client_encoding()'
    [ fetched 1 rows ]
    [ Client encoding = 'SQL_ASCII' (code = 0) ]
conn=0x4aa89f0, PGAPI_DriverConnect(out)='DSN=brant;DATABASE=brant;SERVER=postgis;PORT=5432;UID=docker;PWD=docker;SSLmode=disable;ReadOnly=0;Protocol=8.2.5;FakeOidIndex=0;ShowOidColumn=0;RowVersioning=0;ShowSystemTables=0;ConnSettings=;Fetch=100;Socket=4096;UnknownSizes=0;MaxVarcharSize=255;MaxLongVarcharSize=8190;Debug=0;CommLog=1;Optimizer=0;Ksqo=1;UseDeclareFetch=0;TextAsLongVarchar=1;UnknownsAsLongVarchar=0;BoolsAsChar=1;Parse=0;CancelAsFreeStmt=0;ExtraSysTablePrefixes=dd_;;LFConversion=0;UpdatableCursors=1;DisallowPremature=0;TrueIsMinus1=0;BI=0;ByteaAsLongVarBinary=0;UseServerSidePrepare=1;LowerCaseIdentifier=0;'
conn=0x4aa89f0, query='
drop table if exists grat;
create table grat as
select s.* from
(select
geom,
st_area(geom)/1000000 areakm2,
minimum(vals) min,
q10(vals) q10,
q25(vals) q25,
median(vals) median,
mean(vals) mean,
q75(vals) q75,
q90(vals) q90,
maximum(vals) max
from
(select st_envelope(st_tile(rast,10,5)) geom,
 st_tile(rast,10,5) rast,
 (st_dumpvalues(st_tile(rast,10,5))).valarray vals
  from dem) d
) s
where min>-10 and max < 10 and min <1000000000000;'
NOTICE from backend during send_query: 'NOTICE:  table "grat" does not exist, skipping'
conn=0x4aa89f0, query='
ALTER TABLE grat ADD COLUMN rid BIGSERIAL PRIMARY KEY;
CREATE INDEX grat_gix ON grat USING GIST (geom);
ALTER TABLE grat ADD COLUMN psuitable numeric(3);
'
conn=0x44e12d0, PGAPI_DriverConnect( in)='DSN=brant', fDriverCompletion=0
DSN info: DSN='brant',server='postgis',port='',dbase='brant',user='docker',passwd='xxxxx'
          onlyread='0',protocol='8.2.5',showoid='',fakeoidindex='',showsystable=''
          conn_settings='(null)', conn_encoding='(null)'
          translation_dll='',translation_option=''
Driver Version='09.03.0300,201405140001'
Global Options: fetch=100, socket=4096, unknown_sizes=0, max_varchar_size=255, max_longvarchar_size=8190
                disable_optimizer=0, ksqo=1, unique_index=1, use_declarefetch=0
                text_as_longvarchar=1, unknowns_as_longvarchar=0, bools_as_char=1 NAMEDATALEN=64
                extra_systable_prefixes='dd_;', conn_settings='(null)' conn_encoding=''
conn=0x44e12d0, query=' '
conn=0x44e12d0, query='select version()'
    [ fetched 1 rows ]
    [ PostgreSQL version string = 'PostgreSQL 9.5.5 on x86_64-pc-linux-gnu, compiled by gcc (Debian 4.9.2-10) 4.9.2, 64-bit' ]
    [ PostgreSQL version number = '9.5' ]
conn=0x44e12d0, query='set DateStyle to 'ISO''
conn=0x44e12d0, query='set extra_float_digits to 2'
conn=0x44e12d0, query='select oid, typbasetype from pg_type where typname = 'lo''
    [ fetched 0 rows ]
    [ Large Object oid = -999 ]
conn=0x44e12d0, query='select pg_client_encoding()'
    [ fetched 1 rows ]
    [ Client encoding = 'SQL_ASCII' (code = 0) ]
conn=0x44e12d0, PGAPI_DriverConnect(out)='DSN=brant;DATABASE=brant;SERVER=postgis;PORT=5432;UID=docker;PWD=docker;SSLmode=disable;ReadOnly=0;Protocol=8.2.5;FakeOidIndex=0;ShowOidColumn=0;RowVersioning=0;ShowSystemTables=0;ConnSettings=;Fetch=100;Socket=4096;UnknownSizes=0;MaxVarcharSize=255;MaxLongVarcharSize=8190;Debug=0;CommLog=1;Optimizer=0;Ksqo=1;UseDeclareFetch=0;TextAsLongVarchar=1;UnknownsAsLongVarchar=0;BoolsAsChar=1;Parse=0;CancelAsFreeStmt=0;ExtraSysTablePrefixes=dd_;;LFConversion=0;UpdatableCursors=1;DisallowPremature=0;TrueIsMinus1=0;BI=0;ByteaAsLongVarBinary=0;UseServerSidePrepare=1;LowerCaseIdentifier=0;'
conn=0x44e12d0, query='update grat set psuitable = PSuitable(array[min,q10,q25,median,q75,q90,max],array[0,10,25,50,75,90,100],-2,5,0);'
conn=0x515de50, PGAPI_DriverConnect( in)='DSN=brant', fDriverCompletion=0
DSN info: DSN='brant',server='postgis',port='',dbase='brant',user='docker',passwd='xxxxx'
          onlyread='0',protocol='8.2.5',showoid='',fakeoidindex='',showsystable=''
          conn_settings='(null)', conn_encoding='(null)'
          translation_dll='',translation_option=''
Driver Version='09.03.0300,201405140001'
Global Options: fetch=100, socket=4096, unknown_sizes=0, max_varchar_size=255, max_longvarchar_size=8190
                disable_optimizer=0, ksqo=1, unique_index=1, use_declarefetch=0
                text_as_longvarchar=1, unknowns_as_longvarchar=0, bools_as_char=1 NAMEDATALEN=64
                extra_systable_prefixes='dd_;', conn_settings='(null)' conn_encoding=''
conn=0x515de50, query=' '
conn=0x515de50, query='select version()'
    [ fetched 1 rows ]
    [ PostgreSQL version string = 'PostgreSQL 9.5.5 on x86_64-pc-linux-gnu, compiled by gcc (Debian 4.9.2-10) 4.9.2, 64-bit' ]
    [ PostgreSQL version number = '9.5' ]
conn=0x515de50, query='set DateStyle to 'ISO''
conn=0x515de50, query='set extra_float_digits to 2'
conn=0x515de50, query='select oid, typbasetype from pg_type where typname = 'lo''
    [ fetched 0 rows ]
    [ Large Object oid = -999 ]
conn=0x515de50, query='select pg_client_encoding()'
    [ fetched 1 rows ]
    [ Client encoding = 'SQL_ASCII' (code = 0) ]
conn=0x515de50, PGAPI_DriverConnect(out)='DSN=brant;DATABASE=brant;SERVER=postgis;PORT=5432;UID=docker;PWD=docker;SSLmode=disable;ReadOnly=0;Protocol=8.2.5;FakeOidIndex=0;ShowOidColumn=0;RowVersioning=0;ShowSystemTables=0;ConnSettings=;Fetch=100;Socket=4096;UnknownSizes=0;MaxVarcharSize=255;MaxLongVarcharSize=8190;Debug=0;CommLog=1;Optimizer=0;Ksqo=1;UseDeclareFetch=0;TextAsLongVarchar=1;UnknownsAsLongVarchar=0;BoolsAsChar=1;Parse=0;CancelAsFreeStmt=0;ExtraSysTablePrefixes=dd_;;LFConversion=0;UpdatableCursors=1;DisallowPremature=0;TrueIsMinus1=0;BI=0;ByteaAsLongVarBinary=0;UseServerSidePrepare=1;LowerCaseIdentifier=0;'
conn=0x515de50, query='create table tmp as
select g.*,
med median_dem,
mn mean_dem
from 
grat g,
(select 
t2.rid,
median((st_dumpvalues(st_union(st_clip(rast,geom)))).valarray) med,
mean((st_dumpvalues(st_union(st_clip(rast,geom)))).valarray) mn
from dem t,
(select * from grat) t2
where st_intersects(rast,geom)
group by t2.rid) s
where s.rid=g.rid;
drop table grat;
ALTER TABLE tmp RENAME TO grat;
CREATE INDEX grat_gix ON grat USING GIST (geom);'
conn=0x5197e80, PGAPI_DriverConnect( in)='DSN=brant', fDriverCompletion=0
DSN info: DSN='brant',server='postgis',port='',dbase='brant',user='docker',passwd='xxxxx'
          onlyread='0',protocol='8.2.5',showoid='',fakeoidindex='',showsystable=''
          conn_settings='(null)', conn_encoding='(null)'
          translation_dll='',translation_option=''
Driver Version='09.03.0300,201405140001'
Global Options: fetch=100, socket=4096, unknown_sizes=0, max_varchar_size=255, max_longvarchar_size=8190
                disable_optimizer=0, ksqo=1, unique_index=1, use_declarefetch=0
                text_as_longvarchar=1, unknowns_as_longvarchar=0, bools_as_char=1 NAMEDATALEN=64
                extra_systable_prefixes='dd_;', conn_settings='(null)' conn_encoding=''
conn=0x5197e80, query=' '
conn=0x5197e80, query='select version()'
    [ fetched 1 rows ]
    [ PostgreSQL version string = 'PostgreSQL 9.5.5 on x86_64-pc-linux-gnu, compiled by gcc (Debian 4.9.2-10) 4.9.2, 64-bit' ]
    [ PostgreSQL version number = '9.5' ]
conn=0x5197e80, query='set DateStyle to 'ISO''
conn=0x5197e80, query='set extra_float_digits to 2'
conn=0x5197e80, query='select oid, typbasetype from pg_type where typname = 'lo''
    [ fetched 0 rows ]
    [ Large Object oid = -999 ]
conn=0x5197e80, query='select pg_client_encoding()'
    [ fetched 1 rows ]
    [ Client encoding = 'SQL_ASCII' (code = 0) ]
conn=0x5197e80, PGAPI_DriverConnect(out)='DSN=brant;DATABASE=brant;SERVER=postgis;PORT=5432;UID=docker;PWD=docker;SSLmode=disable;ReadOnly=0;Protocol=8.2.5;FakeOidIndex=0;ShowOidColumn=0;RowVersioning=0;ShowSystemTables=0;ConnSettings=;Fetch=100;Socket=4096;UnknownSizes=0;MaxVarcharSize=255;MaxLongVarcharSize=8190;Debug=0;CommLog=1;Optimizer=0;Ksqo=1;UseDeclareFetch=0;TextAsLongVarchar=1;UnknownsAsLongVarchar=0;BoolsAsChar=1;Parse=0;CancelAsFreeStmt=0;ExtraSysTablePrefixes=dd_;;LFConversion=0;UpdatableCursors=1;DisallowPremature=0;TrueIsMinus1=0;BI=0;ByteaAsLongVarBinary=0;UseServerSidePrepare=1;LowerCaseIdentifier=0;'
conn=0x5197e80, query='
drop table if exists tmp;
create table tmp as
select gg.*,s.tide from
grat gg,
(select g.rid,min(tide) tide from 
grat g,
tide_regime t
where st_intersects(t.geom,g.geom)
group by rid,g.geom) s
where s.rid=gg.rid;
drop table grat;
ALTER TABLE tmp RENAME TO grat;
CREATE INDEX grat_gix ON grat USING GIST (geom);'
NOTICE from backend during send_query: 'NOTICE:  table "tmp" does not exist, skipping'
conn=0x5197e80, PGAPI_Disconnect
conn=0x515de50, PGAPI_Disconnect
conn=0x44e12d0, PGAPI_Disconnect
conn=0x4aa89f0, PGAPI_Disconnect
conn=0x44fa6e0, PGAPI_Disconnect
conn=0x41692a0, PGAPI_Disconnect
conn=0x515fdd0, PGAPI_DriverConnect( in)='DSN=brant', fDriverCompletion=0
DSN info: DSN='brant',server='postgis',port='',dbase='brant',user='docker',passwd='xxxxx'
          onlyread='0',protocol='8.2.5',showoid='',fakeoidindex='',showsystable=''
          conn_settings='(null)', conn_encoding='(null)'
          translation_dll='',translation_option=''
Driver Version='09.03.0300,201405140001'
Global Options: fetch=100, socket=4096, unknown_sizes=0, max_varchar_size=255, max_longvarchar_size=8190
                disable_optimizer=0, ksqo=1, unique_index=1, use_declarefetch=0
                text_as_longvarchar=1, unknowns_as_longvarchar=0, bools_as_char=1 NAMEDATALEN=64
                extra_systable_prefixes='dd_;', conn_settings='(null)' conn_encoding=''
conn=0x515fdd0, query=' '
conn=0x515fdd0, query='select version()'
    [ fetched 1 rows ]
    [ PostgreSQL version string = 'PostgreSQL 9.5.5 on x86_64-pc-linux-gnu, compiled by gcc (Debian 4.9.2-10) 4.9.2, 64-bit' ]
    [ PostgreSQL version number = '9.5' ]
conn=0x515fdd0, query='set DateStyle to 'ISO''
conn=0x515fdd0, query='set extra_float_digits to 2'
conn=0x515fdd0, query='select oid, typbasetype from pg_type where typname = 'lo''
    [ fetched 0 rows ]
    [ Large Object oid = -999 ]
conn=0x515fdd0, query='select pg_client_encoding()'
    [ fetched 1 rows ]
    [ Client encoding = 'SQL_ASCII' (code = 0) ]
conn=0x515fdd0, PGAPI_DriverConnect(out)='DSN=brant;DATABASE=brant;SERVER=postgis;PORT=5432;UID=docker;PWD=docker;SSLmode=disable;ReadOnly=0;Protocol=8.2.5;FakeOidIndex=0;ShowOidColumn=0;RowVersioning=0;ShowSystemTables=0;ConnSettings=;Fetch=100;Socket=4096;UnknownSizes=0;MaxVarcharSize=255;MaxLongVarcharSize=8190;Debug=0;CommLog=1;Optimizer=0;Ksqo=1;UseDeclareFetch=0;TextAsLongVarchar=1;UnknownsAsLongVarchar=0;BoolsAsChar=1;Parse=0;CancelAsFreeStmt=0;ExtraSysTablePrefixes=dd_;;LFConversion=0;UpdatableCursors=1;DisallowPremature=0;TrueIsMinus1=0;BI=0;ByteaAsLongVarBinary=0;UseServerSidePrepare=1;LowerCaseIdentifier=0;'
conn=0x515fdd0, query='create view temp_view as select * from grat'
conn=0x515fdd0, query='drop view temp_view'
conn=0x515fdd0, PGAPI_Disconnect
