conn=0x40bde50, PGAPI_DriverConnect( in)='DSN=brant', fDriverCompletion=0
DSN info: DSN='brant',server='postgis',port='',dbase='brant',user='docker',passwd='xxxxx'
          onlyread='0',protocol='8.2.5',showoid='',fakeoidindex='',showsystable=''
          conn_settings='(null)', conn_encoding='(null)'
          translation_dll='',translation_option=''
Driver Version='09.03.0300,201405140001'
Global Options: fetch=100, socket=4096, unknown_sizes=0, max_varchar_size=255, max_longvarchar_size=8190
                disable_optimizer=0, ksqo=1, unique_index=1, use_declarefetch=0
                text_as_longvarchar=1, unknowns_as_longvarchar=0, bools_as_char=1 NAMEDATALEN=64
                extra_systable_prefixes='dd_;', conn_settings='(null)' conn_encoding=''
conn=0x40bde50, query=' '
conn=0x40bde50, query='select version()'
    [ fetched 1 rows ]
    [ PostgreSQL version string = 'PostgreSQL 9.5.5 on x86_64-pc-linux-gnu, compiled by gcc (Debian 4.9.2-10) 4.9.2, 64-bit' ]
    [ PostgreSQL version number = '9.5' ]
conn=0x40bde50, query='set DateStyle to 'ISO''
conn=0x40bde50, query='set extra_float_digits to 2'
conn=0x40bde50, query='select oid, typbasetype from pg_type where typname = 'lo''
    [ fetched 0 rows ]
    [ Large Object oid = -999 ]
conn=0x40bde50, query='select pg_client_encoding()'
    [ fetched 1 rows ]
    [ Client encoding = 'SQL_ASCII' (code = 0) ]
conn=0x40bde50, PGAPI_DriverConnect(out)='DSN=brant;DATABASE=brant;SERVER=postgis;PORT=5432;UID=docker;PWD=docker;SSLmode=disable;ReadOnly=0;Protocol=8.2.5;FakeOidIndex=0;ShowOidColumn=0;RowVersioning=0;ShowSystemTables=0;ConnSettings=;Fetch=100;Socket=4096;UnknownSizes=0;MaxVarcharSize=255;MaxLongVarcharSize=8190;Debug=0;CommLog=1;Optimizer=0;Ksqo=1;UseDeclareFetch=0;TextAsLongVarchar=1;UnknownsAsLongVarchar=0;BoolsAsChar=1;Parse=0;CancelAsFreeStmt=0;ExtraSysTablePrefixes=dd_;;LFConversion=0;UpdatableCursors=1;DisallowPremature=0;TrueIsMinus1=0;BI=0;ByteaAsLongVarBinary=0;UseServerSidePrepare=1;LowerCaseIdentifier=0;'
conn=0x40bde50, query='select * from tides limit 10'
ERROR from backend during send_query: 'ERROR:  relation "tides" does not exist at character 15'
STATEMENT ERROR: func=SC_execute, desc='(null)', errnum=7, errmsg='Error while executing the query'
                 ------------------------------------------------------------
                 hdbc=0x40bde50, stmt=0x2c9b2e0, result=0x28bfb50
                 prepare=2, internal=0
                 bindings=(nil), bindings_allocated=0
                 parameters=(nil), parameters_allocated=0
                 statement_type=0, statement='select * from tides limit 10'
                 stmt_with_params='select * from tides limit 10'
                 data_at_exec=-1, current_exec_param=-1, put_data=0
                 currTuple=-1, current_col=-1, lobj_fd=-1
                 maxRows=0, rowset_size=1, keyset_size=0, cursor_type=0, scroll_concurrency=1
                 cursor_name='SQL_CUR0x2c9b2e0'
                 ----------------QResult Info -------------------------------
                 fields=0x2c9b6b0, backend_tuples=(nil), tupleField=0, conn=(nil)
                 fetch_count=0, num_total_rows=0, num_fields=0, cursor='(NULL)'
                 message='ERROR:  relation "tides" does not exist at character 15', command='(NULL)', notice='(NULL)'
                 status=7, inTuples=0
CONN ERROR: func=SC_execute, desc='(null)', errnum=110, errmsg='ERROR:  relation "tides" does not exist at character 15'
            ------------------------------------------------------------
            henv=0x2d0f050, conn=0x40bde50, status=1, num_stmts=16
            sock=0x2215780, stmts=0x35f8f50, lobj_type=-999
            ---------------- Socket Info -------------------------------
            socket=6, reverse=0, errornumber=0, errormsg='(NULL)'
            buffer_in=67889568, buffer_out=67893680
            buffer_filled_in=1, buffer_filled_out=0, buffer_read_in=1
conn=0x40bde50, PGAPI_Disconnect
